10:32:57 **** Incremental Build of configuration Debug for project mppt-test ****
make all 
Building file: ../src/mppt_test.c
Invoking: MCU GCC Compiler
C:\Work\GitHub\mppt-project\mppt-test\Debug
arm-none-eabi-gcc -mcpu=cortex-m4 -mthumb -mfloat-abi=hard -mfpu=fpv4-sp-d16 -DSTM32 -DSTM32F4 -DSTM32F410RBTx -DNUCLEO_F410RB -DDEBUG -DSTM32F410Rx -DUSE_HAL_DRIVER -I"C:/Work/GitHub/mppt-project/mppt-test/HAL_Driver/Inc/Legacy" -I"C:/Work/GitHub/mppt-project/mppt-test/Utilities/STM32F4xx-Nucleo" -I"C:/Work/GitHub/mppt-project/mppt-test/inc" -I"C:/Work/GitHub/mppt-project/mppt-test/CMSIS/device" -I"C:/Work/GitHub/mppt-project/mppt-test/CMSIS/core" -I"C:/Work/GitHub/mppt-project/mppt-test/HAL_Driver/Inc" -O0 -g3 -Wall -fmessage-length=0 -ffunction-sections -c -MMD -MP -MF"src/mppt_test.d" -MT"src/mppt_test.o" -o "src/mppt_test.o" "../src/mppt_test.c"
../src/mppt_test.c: In function 'MX_TIM1_Init':
../src/mppt_test.c:305:23: warning: unused variable 'sConfigOC' [-Wunused-variable]
    TIM_OC_InitTypeDef sConfigOC;
                       ^~~~~~~~~
../src/mppt_test.c: In function 'getADCreadings':
../src/mppt_test.c:764:11: warning: pointer targets in passing argument 1 of 'sprintf' differ in signedness [-Wpointer-sign]
   sprintf(strBuffer, "MPPT ADC Value: %2.2f, %2.2f, %2.2f, %2.2f, %2.2f, %2.2f, %2.2f, %2.2f, %x, %x, %x\r\n", vBat, iBat, vSolar, iSolar, loadVoltage, loadCurrent, ambientTemp, mosfetTemp, flashData, flashData2, flashData3);
           ^~~~~~~~~
In file included from c:\ac6\systemworkbench\plugins\fr.ac6.mcu.externaltools.arm-none.win32_1.15.0.201708311556\tools\compiler\arm-none-eabi\include\stdio.h:29:0,
                 from C:/Work/GitHub/mppt-project/mppt-test/HAL_Driver/Inc/stm32f4xx_hal_def.h:50,
                 from C:/Work/GitHub/mppt-project/mppt-test/HAL_Driver/Inc/stm32f4xx_hal_rcc.h:47,
                 from C:/Work/GitHub/mppt-project/mppt-test/HAL_Driver/Inc/stm32f4xx_hal_conf.h:185,
                 from C:/Work/GitHub/mppt-project/mppt-test/HAL_Driver/Inc/stm32f4xx_hal.h:48,
                 from ../src/mppt_test.c:35:
c:\ac6\systemworkbench\plugins\fr.ac6.mcu.externaltools.arm-none.win32_1.15.0.201708311556\tools\compiler\arm-none-eabi\include\stdio.h:244:5: note: expected 'char * restrict' but argument is of type 'uint8_t * {aka unsigned char *}'
 int _EXFUN(sprintf, (char *__restrict, const char *__restrict, ...)
     ^
At top level:
../src/mppt_test.c:927:13: warning: 'pulse' defined but not used [-Wunused-function]
 static void pulse()
             ^~~~~
../src/mppt_test.c:886:13: warning: 'updateLCD' defined but not used [-Wunused-function]
 static void updateLCD(uint8_t dataIndex, uint8_t warning)
             ^~~~~~~~~
../src/mppt_test.c:776:17: warning: 'FloatVoltage' defined but not used [-Wunused-function]
 static uint16_t FloatVoltage(uint16_t tempAmbient)
                 ^~~~~~~~~~~~
../src/mppt_test.c:82:16: warning: 'isCharging' defined but not used [-Wunused-variable]
 static uint8_t isCharging = 0;
                ^~~~~~~~~~
../src/mppt_test.c:81:16: warning: 'canCharge' defined but not used [-Wunused-variable]
 static uint8_t canCharge = 0;
                ^~~~~~~~~
Finished building: ../src/mppt_test.c
 
Building target: mppt-test.elf
Invoking: MCU GCC Linker
arm-none-eabi-gcc -mcpu=cortex-m4 -mthumb -mfloat-abi=hard -mfpu=fpv4-sp-d16 -u _printf_float -T"C:\Work\GitHub\mppt-project\mppt-test\LinkerScript.ld" -Wl,-Map=output.map -Wl,--gc-sections -o "mppt-test.elf" @"objects.list"   -lm
Finished building target: mppt-test.elf
 
make --no-print-directory post-build
Generating binary and Printing size information:
arm-none-eabi-objcopy -O binary "mppt-test.elf" "mppt-test.bin"
arm-none-eabi-size "mppt-test.elf"
   text	   data	    bss	    dec	    hex	filename
  42552	   2596	   1960	  47108	   b804	mppt-test.elf
 
10:43:19 **** Incremental Build of configuration Debug for project mppt-test ****
make all 
Building file: ../src/mppt_test.c
Invoking: MCU GCC Compiler
C:\Work\GitHub\mppt-project\mppt-test\Debug
arm-none-eabi-gcc -mcpu=cortex-m4 -mthumb -mfloat-abi=hard -mfpu=fpv4-sp-d16 -DSTM32 -DSTM32F4 -DSTM32F410RBTx -DNUCLEO_F410RB -DDEBUG -DSTM32F410Rx -DUSE_HAL_DRIVER -I"C:/Work/GitHub/mppt-project/mppt-test/HAL_Driver/Inc/Legacy" -I"C:/Work/GitHub/mppt-project/mppt-test/Utilities/STM32F4xx-Nucleo" -I"C:/Work/GitHub/mppt-project/mppt-test/inc" -I"C:/Work/GitHub/mppt-project/mppt-test/CMSIS/device" -I"C:/Work/GitHub/mppt-project/mppt-test/CMSIS/core" -I"C:/Work/GitHub/mppt-project/mppt-test/HAL_Driver/Inc" -O0 -g3 -Wall -fmessage-length=0 -ffunction-sections -c -MMD -MP -MF"src/mppt_test.d" -MT"src/mppt_test.o" -o "src/mppt_test.o" "../src/mppt_test.c"
../src/mppt_test.c: In function 'MX_TIM1_Init':
../src/mppt_test.c:305:23: warning: unused variable 'sConfigOC' [-Wunused-variable]
    TIM_OC_InitTypeDef sConfigOC;
                       ^~~~~~~~~
../src/mppt_test.c: In function 'getADCreadings':
../src/mppt_test.c:764:11: warning: pointer targets in passing argument 1 of 'sprintf' differ in signedness [-Wpointer-sign]
   sprintf(strBuffer, "MPPT ADC Value: %2.2f, %2.2f, %2.2f, %2.2f, %2.2f, %2.2f, %2.2f, %2.2f, %x, %x, %x\r\n", vBat, iBat, vSolar, iSolar, loadVoltage, loadCurrent, ambientTemp, mosfetTemp, flashData, flashData2, flashData3);
           ^~~~~~~~~
In file included from c:\ac6\systemworkbench\plugins\fr.ac6.mcu.externaltools.arm-none.win32_1.15.0.201708311556\tools\compiler\arm-none-eabi\include\stdio.h:29:0,
                 from C:/Work/GitHub/mppt-project/mppt-test/HAL_Driver/Inc/stm32f4xx_hal_def.h:50,
                 from C:/Work/GitHub/mppt-project/mppt-test/HAL_Driver/Inc/stm32f4xx_hal_rcc.h:47,
                 from C:/Work/GitHub/mppt-project/mppt-test/HAL_Driver/Inc/stm32f4xx_hal_conf.h:185,
                 from C:/Work/GitHub/mppt-project/mppt-test/HAL_Driver/Inc/stm32f4xx_hal.h:48,
                 from ../src/mppt_test.c:35:
c:\ac6\systemworkbench\plugins\fr.ac6.mcu.externaltools.arm-none.win32_1.15.0.201708311556\tools\compiler\arm-none-eabi\include\stdio.h:244:5: note: expected 'char * restrict' but argument is of type 'uint8_t * {aka unsigned char *}'
 int _EXFUN(sprintf, (char *__restrict, const char *__restrict, ...)
     ^
../src/mppt_test.c: In function 'main':
../src/mppt_test.c:996:10: warning: pointer targets in passing argument 1 of 'sprintf' differ in signedness [-Wpointer-sign]
  sprintf(strBuffer, "MPPT EMS Production Test\r\n\r\n");
          ^~~~~~~~~
In file included from c:\ac6\systemworkbench\plugins\fr.ac6.mcu.externaltools.arm-none.win32_1.15.0.201708311556\tools\compiler\arm-none-eabi\include\stdio.h:29:0,
                 from C:/Work/GitHub/mppt-project/mppt-test/HAL_Driver/Inc/stm32f4xx_hal_def.h:50,
                 from C:/Work/GitHub/mppt-project/mppt-test/HAL_Driver/Inc/stm32f4xx_hal_rcc.h:47,
                 from C:/Work/GitHub/mppt-project/mppt-test/HAL_Driver/Inc/stm32f4xx_hal_conf.h:185,
                 from C:/Work/GitHub/mppt-project/mppt-test/HAL_Driver/Inc/stm32f4xx_hal.h:48,
                 from ../src/mppt_test.c:35:
c:\ac6\systemworkbench\plugins\fr.ac6.mcu.externaltools.arm-none.win32_1.15.0.201708311556\tools\compiler\arm-none-eabi\include\stdio.h:244:5: note: expected 'char * restrict' but argument is of type 'uint8_t * {aka unsigned char *}'
 int _EXFUN(sprintf, (char *__restrict, const char *__restrict, ...)
     ^
../src/mppt_test.c: At top level:
../src/mppt_test.c:133:13: warning: 'updateLCD' declared 'static' but never defined [-Wunused-function]
 static void updateLCD(uint8_t dataIndex, uint8_t warning);
             ^~~~~~~~~
../src/mppt_test.c:929:13: warning: 'pulse' defined but not used [-Wunused-function]
 static void pulse()
             ^~~~~
../src/mppt_test.c:776:17: warning: 'FloatVoltage' defined but not used [-Wunused-function]
 static uint16_t FloatVoltage(uint16_t tempAmbient)
                 ^~~~~~~~~~~~
../src/mppt_test.c:82:16: warning: 'isCharging' defined but not used [-Wunused-variable]
 static uint8_t isCharging = 0;
                ^~~~~~~~~~
../src/mppt_test.c:81:16: warning: 'canCharge' defined but not used [-Wunused-variable]
 static uint8_t canCharge = 0;
                ^~~~~~~~~
Finished building: ../src/mppt_test.c
 
Building target: mppt-test.elf
Invoking: MCU GCC Linker
arm-none-eabi-gcc -mcpu=cortex-m4 -mthumb -mfloat-abi=hard -mfpu=fpv4-sp-d16 -u _printf_float -T"C:\Work\GitHub\mppt-project\mppt-test\LinkerScript.ld" -Wl,-Map=output.map -Wl,--gc-sections -o "mppt-test.elf" @"objects.list"   -lm
Finished building target: mppt-test.elf
 
make --no-print-directory post-build
Generating binary and Printing size information:
arm-none-eabi-objcopy -O binary "mppt-test.elf" "mppt-test.bin"
arm-none-eabi-size "mppt-test.elf"
   text	   data	    bss	    dec	    hex	filename
  42616	   2588	   1960	  47164	   b83c	mppt-test.elf
 
11:21:47 **** Incremental Build of configuration Debug for project mppt-test ****
make all 
Building file: ../src/mppt_test.c
Invoking: MCU GCC Compiler
C:\Work\GitHub\mppt-project\mppt-test\Debug
arm-none-eabi-gcc -mcpu=cortex-m4 -mthumb -mfloat-abi=hard -mfpu=fpv4-sp-d16 -DSTM32 -DSTM32F4 -DSTM32F410RBTx -DNUCLEO_F410RB -DDEBUG -DSTM32F410Rx -DUSE_HAL_DRIVER -I"C:/Work/GitHub/mppt-project/mppt-test/HAL_Driver/Inc/Legacy" -I"C:/Work/GitHub/mppt-project/mppt-test/Utilities/STM32F4xx-Nucleo" -I"C:/Work/GitHub/mppt-project/mppt-test/inc" -I"C:/Work/GitHub/mppt-project/mppt-test/CMSIS/device" -I"C:/Work/GitHub/mppt-project/mppt-test/CMSIS/core" -I"C:/Work/GitHub/mppt-project/mppt-test/HAL_Driver/Inc" -O0 -g3 -Wall -fmessage-length=0 -ffunction-sections -c -MMD -MP -MF"src/mppt_test.d" -MT"src/mppt_test.o" -o "src/mppt_test.o" "../src/mppt_test.c"
../src/mppt_test.c: In function 'MX_TIM1_Init':
../src/mppt_test.c:305:23: warning: unused variable 'sConfigOC' [-Wunused-variable]
    TIM_OC_InitTypeDef sConfigOC;
                       ^~~~~~~~~
../src/mppt_test.c: In function 'getADCreadings':
../src/mppt_test.c:764:11: warning: pointer targets in passing argument 1 of 'sprintf' differ in signedness [-Wpointer-sign]
   sprintf(strBuffer, "MPPT ADC Value: %2.2f, %2.2f, %2.2f, %2.2f, %2.2f, %2.2f, %2.2f, %2.2f, %x, %x, %x\r\n", vBat, iBat, vSolar, iSolar, loadVoltage, loadCurrent, ambientTemp, mosfetTemp, flashData, flashData2, flashData3);
           ^~~~~~~~~
In file included from c:\ac6\systemworkbench\plugins\fr.ac6.mcu.externaltools.arm-none.win32_1.15.0.201708311556\tools\compiler\arm-none-eabi\include\stdio.h:29:0,
                 from C:/Work/GitHub/mppt-project/mppt-test/HAL_Driver/Inc/stm32f4xx_hal_def.h:50,
                 from C:/Work/GitHub/mppt-project/mppt-test/HAL_Driver/Inc/stm32f4xx_hal_rcc.h:47,
                 from C:/Work/GitHub/mppt-project/mppt-test/HAL_Driver/Inc/stm32f4xx_hal_conf.h:185,
                 from C:/Work/GitHub/mppt-project/mppt-test/HAL_Driver/Inc/stm32f4xx_hal.h:48,
                 from ../src/mppt_test.c:35:
c:\ac6\systemworkbench\plugins\fr.ac6.mcu.externaltools.arm-none.win32_1.15.0.201708311556\tools\compiler\arm-none-eabi\include\stdio.h:244:5: note: expected 'char * restrict' but argument is of type 'uint8_t * {aka unsigned char *}'
 int _EXFUN(sprintf, (char *__restrict, const char *__restrict, ...)
     ^
../src/mppt_test.c: In function 'main':
../src/mppt_test.c:996:10: warning: pointer targets in passing argument 1 of 'sprintf' differ in signedness [-Wpointer-sign]
  sprintf(strBuffer, "MPPT EMS Production Test\r\n\r\n");
          ^~~~~~~~~
In file included from c:\ac6\systemworkbench\plugins\fr.ac6.mcu.externaltools.arm-none.win32_1.15.0.201708311556\tools\compiler\arm-none-eabi\include\stdio.h:29:0,
                 from C:/Work/GitHub/mppt-project/mppt-test/HAL_Driver/Inc/stm32f4xx_hal_def.h:50,
                 from C:/Work/GitHub/mppt-project/mppt-test/HAL_Driver/Inc/stm32f4xx_hal_rcc.h:47,
                 from C:/Work/GitHub/mppt-project/mppt-test/HAL_Driver/Inc/stm32f4xx_hal_conf.h:185,
                 from C:/Work/GitHub/mppt-project/mppt-test/HAL_Driver/Inc/stm32f4xx_hal.h:48,
                 from ../src/mppt_test.c:35:
c:\ac6\systemworkbench\plugins\fr.ac6.mcu.externaltools.arm-none.win32_1.15.0.201708311556\tools\compiler\arm-none-eabi\include\stdio.h:244:5: note: expected 'char * restrict' but argument is of type 'uint8_t * {aka unsigned char *}'
 int _EXFUN(sprintf, (char *__restrict, const char *__restrict, ...)
     ^
../src/mppt_test.c: At top level:
../src/mppt_test.c:133:13: warning: 'updateLCD' declared 'static' but never defined [-Wunused-function]
 static void updateLCD(uint8_t dataIndex, uint8_t warning);
             ^~~~~~~~~
../src/mppt_test.c:929:13: warning: 'pulse' defined but not used [-Wunused-function]
 static void pulse()
             ^~~~~
../src/mppt_test.c:776:17: warning: 'FloatVoltage' defined but not used [-Wunused-function]
 static uint16_t FloatVoltage(uint16_t tempAmbient)
                 ^~~~~~~~~~~~
../src/mppt_test.c:697:13: warning: 'getADCreadings' defined but not used [-Wunused-function]
 static void getADCreadings (uint8_t howMany)
             ^~~~~~~~~~~~~~
../src/mppt_test.c:82:16: warning: 'isCharging' defined but not used [-Wunused-variable]
 static uint8_t isCharging = 0;
                ^~~~~~~~~~
../src/mppt_test.c:81:16: warning: 'canCharge' defined but not used [-Wunused-variable]
 static uint8_t canCharge = 0;
                ^~~~~~~~~
Finished building: ../src/mppt_test.c
 
Building target: mppt-test.elf
Invoking: MCU GCC Linker
arm-none-eabi-gcc -mcpu=cortex-m4 -mthumb -mfloat-abi=hard -mfpu=fpv4-sp-d16 -u _printf_float -T"C:\Work\GitHub\mppt-project\mppt-test\LinkerScript.ld" -Wl,-Map=output.map -Wl,--gc-sections -o "mppt-test.elf" @"objects.list"   -lm
Finished building target: mppt-test.elf
 
make --no-print-directory post-build
Generating binary and Printing size information:
arm-none-eabi-objcopy -O binary "mppt-test.elf" "mppt-test.bin"
arm-none-eabi-size "mppt-test.elf"
   text	   data	    bss	    dec	    hex	filename
  21592	   1184	   1896	  24672	   6060	mppt-test.elf
 
11:25:23 **** Incremental Build of configuration Debug for project mppt-test ****
make all 
Building file: ../src/mppt_test.c
Invoking: MCU GCC Compiler
C:\Work\GitHub\mppt-project\mppt-test\Debug
arm-none-eabi-gcc -mcpu=cortex-m4 -mthumb -mfloat-abi=hard -mfpu=fpv4-sp-d16 -DSTM32 -DSTM32F4 -DSTM32F410RBTx -DNUCLEO_F410RB -DDEBUG -DSTM32F410Rx -DUSE_HAL_DRIVER -I"C:/Work/GitHub/mppt-project/mppt-test/HAL_Driver/Inc/Legacy" -I"C:/Work/GitHub/mppt-project/mppt-test/Utilities/STM32F4xx-Nucleo" -I"C:/Work/GitHub/mppt-project/mppt-test/inc" -I"C:/Work/GitHub/mppt-project/mppt-test/CMSIS/device" -I"C:/Work/GitHub/mppt-project/mppt-test/CMSIS/core" -I"C:/Work/GitHub/mppt-project/mppt-test/HAL_Driver/Inc" -O0 -g3 -Wall -fmessage-length=0 -ffunction-sections -c -MMD -MP -MF"src/mppt_test.d" -MT"src/mppt_test.o" -o "src/mppt_test.o" "../src/mppt_test.c"
../src/mppt_test.c: In function 'MX_TIM1_Init':
../src/mppt_test.c:305:23: warning: unused variable 'sConfigOC' [-Wunused-variable]
    TIM_OC_InitTypeDef sConfigOC;
                       ^~~~~~~~~
../src/mppt_test.c: In function 'getADCreadings':
../src/mppt_test.c:764:11: warning: pointer targets in passing argument 1 of 'sprintf' differ in signedness [-Wpointer-sign]
   sprintf(strBuffer, "MPPT ADC Value: %2.2f, %2.2f, %2.2f, %2.2f, %2.2f, %2.2f, %2.2f, %2.2f, %x, %x, %x\r\n", vBat, iBat, vSolar, iSolar, loadVoltage, loadCurrent, ambientTemp, mosfetTemp, flashData, flashData2, flashData3);
           ^~~~~~~~~
In file included from c:\ac6\systemworkbench\plugins\fr.ac6.mcu.externaltools.arm-none.win32_1.15.0.201708311556\tools\compiler\arm-none-eabi\include\stdio.h:29:0,
                 from C:/Work/GitHub/mppt-project/mppt-test/HAL_Driver/Inc/stm32f4xx_hal_def.h:50,
                 from C:/Work/GitHub/mppt-project/mppt-test/HAL_Driver/Inc/stm32f4xx_hal_rcc.h:47,
                 from C:/Work/GitHub/mppt-project/mppt-test/HAL_Driver/Inc/stm32f4xx_hal_conf.h:185,
                 from C:/Work/GitHub/mppt-project/mppt-test/HAL_Driver/Inc/stm32f4xx_hal.h:48,
                 from ../src/mppt_test.c:35:
c:\ac6\systemworkbench\plugins\fr.ac6.mcu.externaltools.arm-none.win32_1.15.0.201708311556\tools\compiler\arm-none-eabi\include\stdio.h:244:5: note: expected 'char * restrict' but argument is of type 'uint8_t * {aka unsigned char *}'
 int _EXFUN(sprintf, (char *__restrict, const char *__restrict, ...)
     ^
../src/mppt_test.c: In function 'main':
../src/mppt_test.c:996:10: warning: pointer targets in passing argument 1 of 'sprintf' differ in signedness [-Wpointer-sign]
  sprintf(strBuffer, "MPPT EMS Production Test\r\n\r\n");
          ^~~~~~~~~
In file included from c:\ac6\systemworkbench\plugins\fr.ac6.mcu.externaltools.arm-none.win32_1.15.0.201708311556\tools\compiler\arm-none-eabi\include\stdio.h:29:0,
                 from C:/Work/GitHub/mppt-project/mppt-test/HAL_Driver/Inc/stm32f4xx_hal_def.h:50,
                 from C:/Work/GitHub/mppt-project/mppt-test/HAL_Driver/Inc/stm32f4xx_hal_rcc.h:47,
                 from C:/Work/GitHub/mppt-project/mppt-test/HAL_Driver/Inc/stm32f4xx_hal_conf.h:185,
                 from C:/Work/GitHub/mppt-project/mppt-test/HAL_Driver/Inc/stm32f4xx_hal.h:48,
                 from ../src/mppt_test.c:35:
c:\ac6\systemworkbench\plugins\fr.ac6.mcu.externaltools.arm-none.win32_1.15.0.201708311556\tools\compiler\arm-none-eabi\include\stdio.h:244:5: note: expected 'char * restrict' but argument is of type 'uint8_t * {aka unsigned char *}'
 int _EXFUN(sprintf, (char *__restrict, const char *__restrict, ...)
     ^
../src/mppt_test.c: At top level:
../src/mppt_test.c:133:13: warning: 'updateLCD' declared 'static' but never defined [-Wunused-function]
 static void updateLCD(uint8_t dataIndex, uint8_t warning);
             ^~~~~~~~~
../src/mppt_test.c:929:13: warning: 'pulse' defined but not used [-Wunused-function]
 static void pulse()
             ^~~~~
../src/mppt_test.c:776:17: warning: 'FloatVoltage' defined but not used [-Wunused-function]
 static uint16_t FloatVoltage(uint16_t tempAmbient)
                 ^~~~~~~~~~~~
../src/mppt_test.c:697:13: warning: 'getADCreadings' defined but not used [-Wunused-function]
 static void getADCreadings (uint8_t howMany)
             ^~~~~~~~~~~~~~
../src/mppt_test.c:82:16: warning: 'isCharging' defined but not used [-Wunused-variable]
 static uint8_t isCharging = 0;
                ^~~~~~~~~~
../src/mppt_test.c:81:16: warning: 'canCharge' defined but not used [-Wunused-variable]
 static uint8_t canCharge = 0;
                ^~~~~~~~~
Finished building: ../src/mppt_test.c
 
Building target: mppt-test.elf
Invoking: MCU GCC Linker
arm-none-eabi-gcc -mcpu=cortex-m4 -mthumb -mfloat-abi=hard -mfpu=fpv4-sp-d16 -u _printf_float -T"C:\Work\GitHub\mppt-project\mppt-test\LinkerScript.ld" -Wl,-Map=output.map -Wl,--gc-sections -o "mppt-test.elf" @"objects.list"   -lm
Finished building target: mppt-test.elf
 
make --no-print-directory post-build
Generating binary and Printing size information:
arm-none-eabi-objcopy -O binary "mppt-test.elf" "mppt-test.bin"
arm-none-eabi-size "mppt-test.elf"
   text	   data	    bss	    dec	    hex	filename
  21592	   1184	   1896	  24672	   6060	mppt-test.elf
 
11:27:08 **** Incremental Build of configuration Debug for project mppt-test ****
make all 
Building file: ../src/mppt_test.c
Invoking: MCU GCC Compiler
C:\Work\GitHub\mppt-project\mppt-test\Debug
arm-none-eabi-gcc -mcpu=cortex-m4 -mthumb -mfloat-abi=hard -mfpu=fpv4-sp-d16 -DSTM32 -DSTM32F4 -DSTM32F410RBTx -DNUCLEO_F410RB -DDEBUG -DSTM32F410Rx -DUSE_HAL_DRIVER -I"C:/Work/GitHub/mppt-project/mppt-test/HAL_Driver/Inc/Legacy" -I"C:/Work/GitHub/mppt-project/mppt-test/Utilities/STM32F4xx-Nucleo" -I"C:/Work/GitHub/mppt-project/mppt-test/inc" -I"C:/Work/GitHub/mppt-project/mppt-test/CMSIS/device" -I"C:/Work/GitHub/mppt-project/mppt-test/CMSIS/core" -I"C:/Work/GitHub/mppt-project/mppt-test/HAL_Driver/Inc" -O0 -g3 -Wall -fmessage-length=0 -ffunction-sections -c -MMD -MP -MF"src/mppt_test.d" -MT"src/mppt_test.o" -o "src/mppt_test.o" "../src/mppt_test.c"
../src/mppt_test.c: In function 'MX_TIM1_Init':
../src/mppt_test.c:305:23: warning: unused variable 'sConfigOC' [-Wunused-variable]
    TIM_OC_InitTypeDef sConfigOC;
                       ^~~~~~~~~
../src/mppt_test.c: In function 'getADCreadings':
../src/mppt_test.c:764:11: warning: pointer targets in passing argument 1 of 'sprintf' differ in signedness [-Wpointer-sign]
   sprintf(strBuffer, "MPPT ADC Value: %2.2f, %2.2f, %2.2f, %2.2f, %2.2f, %2.2f, %2.2f, %2.2f, %x, %x, %x\r\n", vBat, iBat, vSolar, iSolar, loadVoltage, loadCurrent, ambientTemp, mosfetTemp, flashData, flashData2, flashData3);
           ^~~~~~~~~
In file included from c:\ac6\systemworkbench\plugins\fr.ac6.mcu.externaltools.arm-none.win32_1.15.0.201708311556\tools\compiler\arm-none-eabi\include\stdio.h:29:0,
                 from C:/Work/GitHub/mppt-project/mppt-test/HAL_Driver/Inc/stm32f4xx_hal_def.h:50,
                 from C:/Work/GitHub/mppt-project/mppt-test/HAL_Driver/Inc/stm32f4xx_hal_rcc.h:47,
                 from C:/Work/GitHub/mppt-project/mppt-test/HAL_Driver/Inc/stm32f4xx_hal_conf.h:185,
                 from C:/Work/GitHub/mppt-project/mppt-test/HAL_Driver/Inc/stm32f4xx_hal.h:48,
                 from ../src/mppt_test.c:35:
c:\ac6\systemworkbench\plugins\fr.ac6.mcu.externaltools.arm-none.win32_1.15.0.201708311556\tools\compiler\arm-none-eabi\include\stdio.h:244:5: note: expected 'char * restrict' but argument is of type 'uint8_t * {aka unsigned char *}'
 int _EXFUN(sprintf, (char *__restrict, const char *__restrict, ...)
     ^
../src/mppt_test.c: In function 'main':
../src/mppt_test.c:996:10: warning: pointer targets in passing argument 1 of 'sprintf' differ in signedness [-Wpointer-sign]
  sprintf(strBuffer, "MPPT EMS Production Test\r\n\r\n");
          ^~~~~~~~~
In file included from c:\ac6\systemworkbench\plugins\fr.ac6.mcu.externaltools.arm-none.win32_1.15.0.201708311556\tools\compiler\arm-none-eabi\include\stdio.h:29:0,
                 from C:/Work/GitHub/mppt-project/mppt-test/HAL_Driver/Inc/stm32f4xx_hal_def.h:50,
                 from C:/Work/GitHub/mppt-project/mppt-test/HAL_Driver/Inc/stm32f4xx_hal_rcc.h:47,
                 from C:/Work/GitHub/mppt-project/mppt-test/HAL_Driver/Inc/stm32f4xx_hal_conf.h:185,
                 from C:/Work/GitHub/mppt-project/mppt-test/HAL_Driver/Inc/stm32f4xx_hal.h:48,
                 from ../src/mppt_test.c:35:
c:\ac6\systemworkbench\plugins\fr.ac6.mcu.externaltools.arm-none.win32_1.15.0.201708311556\tools\compiler\arm-none-eabi\include\stdio.h:244:5: note: expected 'char * restrict' but argument is of type 'uint8_t * {aka unsigned char *}'
 int _EXFUN(sprintf, (char *__restrict, const char *__restrict, ...)
     ^
../src/mppt_test.c: At top level:
../src/mppt_test.c:133:13: warning: 'updateLCD' declared 'static' but never defined [-Wunused-function]
 static void updateLCD(uint8_t dataIndex, uint8_t warning);
             ^~~~~~~~~
../src/mppt_test.c:929:13: warning: 'pulse' defined but not used [-Wunused-function]
 static void pulse()
             ^~~~~
../src/mppt_test.c:776:17: warning: 'FloatVoltage' defined but not used [-Wunused-function]
 static uint16_t FloatVoltage(uint16_t tempAmbient)
                 ^~~~~~~~~~~~
../src/mppt_test.c:697:13: warning: 'getADCreadings' defined but not used [-Wunused-function]
 static void getADCreadings (uint8_t howMany)
             ^~~~~~~~~~~~~~
../src/mppt_test.c:82:16: warning: 'isCharging' defined but not used [-Wunused-variable]
 static uint8_t isCharging = 0;
                ^~~~~~~~~~
../src/mppt_test.c:81:16: warning: 'canCharge' defined but not used [-Wunused-variable]
 static uint8_t canCharge = 0;
                ^~~~~~~~~
Finished building: ../src/mppt_test.c
 
Building target: mppt-test.elf
Invoking: MCU GCC Linker
arm-none-eabi-gcc -mcpu=cortex-m4 -mthumb -mfloat-abi=hard -mfpu=fpv4-sp-d16 -u _printf_float -T"C:\Work\GitHub\mppt-project\mppt-test\LinkerScript.ld" -Wl,-Map=output.map -Wl,--gc-sections -o "mppt-test.elf" @"objects.list"   -lm
Finished building target: mppt-test.elf
 
make --no-print-directory post-build
Generating binary and Printing size information:
arm-none-eabi-objcopy -O binary "mppt-test.elf" "mppt-test.bin"
arm-none-eabi-size "mppt-test.elf"
   text	   data	    bss	    dec	    hex	filename
  21592	   1184	   1896	  24672	   6060	mppt-test.elf
 
13:19:53 **** Incremental Build of configuration Debug for project mppt-test ****
make all 
Building file: ../src/mppt_test.c
Invoking: MCU GCC Compiler
C:\Work\GitHub\mppt-project\mppt-test\Debug
arm-none-eabi-gcc -mcpu=cortex-m4 -mthumb -mfloat-abi=hard -mfpu=fpv4-sp-d16 -DSTM32 -DSTM32F4 -DSTM32F410RBTx -DNUCLEO_F410RB -DDEBUG -DSTM32F410Rx -DUSE_HAL_DRIVER -I"C:/Work/GitHub/mppt-project/mppt-test/HAL_Driver/Inc/Legacy" -I"C:/Work/GitHub/mppt-project/mppt-test/Utilities/STM32F4xx-Nucleo" -I"C:/Work/GitHub/mppt-project/mppt-test/inc" -I"C:/Work/GitHub/mppt-project/mppt-test/CMSIS/device" -I"C:/Work/GitHub/mppt-project/mppt-test/CMSIS/core" -I"C:/Work/GitHub/mppt-project/mppt-test/HAL_Driver/Inc" -O0 -g3 -Wall -fmessage-length=0 -ffunction-sections -c -MMD -MP -MF"src/mppt_test.d" -MT"src/mppt_test.o" -o "src/mppt_test.o" "../src/mppt_test.c"
../src/mppt_test.c: In function 'MX_TIM1_Init':
../src/mppt_test.c:305:23: warning: unused variable 'sConfigOC' [-Wunused-variable]
    TIM_OC_InitTypeDef sConfigOC;
                       ^~~~~~~~~
../src/mppt_test.c: In function 'getADCreadings':
../src/mppt_test.c:764:11: warning: pointer targets in passing argument 1 of 'sprintf' differ in signedness [-Wpointer-sign]
   sprintf(strBuffer, "MPPT ADC Value: %2.2f, %2.2f, %2.2f, %2.2f, %2.2f, %2.2f, %2.2f, %2.2f, %x, %x, %x\r\n", vBat, iBat, vSolar, iSolar, loadVoltage, loadCurrent, ambientTemp, mosfetTemp, flashData, flashData2, flashData3);
           ^~~~~~~~~
In file included from c:\ac6\systemworkbench\plugins\fr.ac6.mcu.externaltools.arm-none.win32_1.15.0.201708311556\tools\compiler\arm-none-eabi\include\stdio.h:29:0,
                 from C:/Work/GitHub/mppt-project/mppt-test/HAL_Driver/Inc/stm32f4xx_hal_def.h:50,
                 from C:/Work/GitHub/mppt-project/mppt-test/HAL_Driver/Inc/stm32f4xx_hal_rcc.h:47,
                 from C:/Work/GitHub/mppt-project/mppt-test/HAL_Driver/Inc/stm32f4xx_hal_conf.h:185,
                 from C:/Work/GitHub/mppt-project/mppt-test/HAL_Driver/Inc/stm32f4xx_hal.h:48,
                 from ../src/mppt_test.c:35:
c:\ac6\systemworkbench\plugins\fr.ac6.mcu.externaltools.arm-none.win32_1.15.0.201708311556\tools\compiler\arm-none-eabi\include\stdio.h:244:5: note: expected 'char * restrict' but argument is of type 'uint8_t * {aka unsigned char *}'
 int _EXFUN(sprintf, (char *__restrict, const char *__restrict, ...)
     ^
../src/mppt_test.c: In function 'main':
../src/mppt_test.c:996:10: warning: pointer targets in passing argument 1 of 'sprintf' differ in signedness [-Wpointer-sign]
  sprintf(strBuffer, "MPPT EMS Production Test\r\n\r\n");
          ^~~~~~~~~
In file included from c:\ac6\systemworkbench\plugins\fr.ac6.mcu.externaltools.arm-none.win32_1.15.0.201708311556\tools\compiler\arm-none-eabi\include\stdio.h:29:0,
                 from C:/Work/GitHub/mppt-project/mppt-test/HAL_Driver/Inc/stm32f4xx_hal_def.h:50,
                 from C:/Work/GitHub/mppt-project/mppt-test/HAL_Driver/Inc/stm32f4xx_hal_rcc.h:47,
                 from C:/Work/GitHub/mppt-project/mppt-test/HAL_Driver/Inc/stm32f4xx_hal_conf.h:185,
                 from C:/Work/GitHub/mppt-project/mppt-test/HAL_Driver/Inc/stm32f4xx_hal.h:48,
                 from ../src/mppt_test.c:35:
c:\ac6\systemworkbench\plugins\fr.ac6.mcu.externaltools.arm-none.win32_1.15.0.201708311556\tools\compiler\arm-none-eabi\include\stdio.h:244:5: note: expected 'char * restrict' but argument is of type 'uint8_t * {aka unsigned char *}'
 int _EXFUN(sprintf, (char *__restrict, const char *__restrict, ...)
     ^
../src/mppt_test.c: At top level:
../src/mppt_test.c:133:13: warning: 'updateLCD' used but never defined
 static void updateLCD(uint8_t dataIndex, uint8_t warning);
             ^~~~~~~~~
../src/mppt_test.c:929:13: warning: 'pulse' defined but not used [-Wunused-function]
 static void pulse()
             ^~~~~
../src/mppt_test.c:776:17: warning: 'FloatVoltage' defined but not used [-Wunused-function]
 static uint16_t FloatVoltage(uint16_t tempAmbient)
                 ^~~~~~~~~~~~
../src/mppt_test.c:82:16: warning: 'isCharging' defined but not used [-Wunused-variable]
 static uint8_t isCharging = 0;
                ^~~~~~~~~~
../src/mppt_test.c:81:16: warning: 'canCharge' defined but not used [-Wunused-variable]
 static uint8_t canCharge = 0;
                ^~~~~~~~~
Finished building: ../src/mppt_test.c
 
Building target: mppt-test.elf
Invoking: MCU GCC Linker
arm-none-eabi-gcc -mcpu=cortex-m4 -mthumb -mfloat-abi=hard -mfpu=fpv4-sp-d16 -u _printf_float -T"C:\Work\GitHub\mppt-project\mppt-test\LinkerScript.ld" -Wl,-Map=output.map -Wl,--gc-sections -o "mppt-test.elf" @"objects.list"   -lm
src/mppt_test.o: In function `main':
C:\Work\GitHub\mppt-project\mppt-test\Debug/../src/mppt_test.c:1027: undefined reference to `updateLCD'
collect2.exe: error: ld returned 1 exit status
make: *** [mppt-test.elf] Error 1
makefile:36: recipe for target 'mppt-test.elf' failed
13:20:39 **** Incremental Build of configuration Debug for project mppt-test ****
make all 
Building file: ../src/mppt_test.c
Invoking: MCU GCC Compiler
C:\Work\GitHub\mppt-project\mppt-test\Debug
arm-none-eabi-gcc -mcpu=cortex-m4 -mthumb -mfloat-abi=hard -mfpu=fpv4-sp-d16 -DSTM32 -DSTM32F4 -DSTM32F410RBTx -DNUCLEO_F410RB -DDEBUG -DSTM32F410Rx -DUSE_HAL_DRIVER -I"C:/Work/GitHub/mppt-project/mppt-test/HAL_Driver/Inc/Legacy" -I"C:/Work/GitHub/mppt-project/mppt-test/Utilities/STM32F4xx-Nucleo" -I"C:/Work/GitHub/mppt-project/mppt-test/inc" -I"C:/Work/GitHub/mppt-project/mppt-test/CMSIS/device" -I"C:/Work/GitHub/mppt-project/mppt-test/CMSIS/core" -I"C:/Work/GitHub/mppt-project/mppt-test/HAL_Driver/Inc" -O0 -g3 -Wall -fmessage-length=0 -ffunction-sections -c -MMD -MP -MF"src/mppt_test.d" -MT"src/mppt_test.o" -o "src/mppt_test.o" "../src/mppt_test.c"
../src/mppt_test.c: In function 'MX_TIM1_Init':
../src/mppt_test.c:305:23: warning: unused variable 'sConfigOC' [-Wunused-variable]
    TIM_OC_InitTypeDef sConfigOC;
                       ^~~~~~~~~
../src/mppt_test.c: In function 'getADCreadings':
../src/mppt_test.c:764:11: warning: pointer targets in passing argument 1 of 'sprintf' differ in signedness [-Wpointer-sign]
   sprintf(strBuffer, "MPPT ADC Value: %2.2f, %2.2f, %2.2f, %2.2f, %2.2f, %2.2f, %2.2f, %2.2f, %x, %x, %x\r\n", vBat, iBat, vSolar, iSolar, loadVoltage, loadCurrent, ambientTemp, mosfetTemp, flashData, flashData2, flashData3);
           ^~~~~~~~~
In file included from c:\ac6\systemworkbench\plugins\fr.ac6.mcu.externaltools.arm-none.win32_1.15.0.201708311556\tools\compiler\arm-none-eabi\include\stdio.h:29:0,
                 from C:/Work/GitHub/mppt-project/mppt-test/HAL_Driver/Inc/stm32f4xx_hal_def.h:50,
                 from C:/Work/GitHub/mppt-project/mppt-test/HAL_Driver/Inc/stm32f4xx_hal_rcc.h:47,
                 from C:/Work/GitHub/mppt-project/mppt-test/HAL_Driver/Inc/stm32f4xx_hal_conf.h:185,
                 from C:/Work/GitHub/mppt-project/mppt-test/HAL_Driver/Inc/stm32f4xx_hal.h:48,
                 from ../src/mppt_test.c:35:
c:\ac6\systemworkbench\plugins\fr.ac6.mcu.externaltools.arm-none.win32_1.15.0.201708311556\tools\compiler\arm-none-eabi\include\stdio.h:244:5: note: expected 'char * restrict' but argument is of type 'uint8_t * {aka unsigned char *}'
 int _EXFUN(sprintf, (char *__restrict, const char *__restrict, ...)
     ^
../src/mppt_test.c: In function 'updateLCD':
../src/mppt_test.c:910:29: error: 'logo' undeclared (first use in this function)
     HD44780_WriteData(0, 0, logo, YES);
                             ^~~~
../src/mppt_test.c:910:29: note: each undeclared identifier is reported only once for each function it appears in
../src/mppt_test.c:911:29: error: 'version' undeclared (first use in this function)
     HD44780_WriteData(1, 0, version, NO);
                             ^~~~~~~
../src/mppt_test.c: In function 'main':
../src/mppt_test.c:996:10: warning: pointer targets in passing argument 1 of 'sprintf' differ in signedness [-Wpointer-sign]
  sprintf(strBuffer, "MPPT EMS Production Test\r\n\r\n");
          ^~~~~~~~~
In file included from c:\ac6\systemworkbench\plugins\fr.ac6.mcu.externaltools.arm-none.win32_1.15.0.201708311556\tools\compiler\arm-none-eabi\include\stdio.h:29:0,
                 from C:/Work/GitHub/mppt-project/mppt-test/HAL_Driver/Inc/stm32f4xx_hal_def.h:50,
                 from C:/Work/GitHub/mppt-project/mppt-test/HAL_Driver/Inc/stm32f4xx_hal_rcc.h:47,
                 from C:/Work/GitHub/mppt-project/mppt-test/HAL_Driver/Inc/stm32f4xx_hal_conf.h:185,
                 from C:/Work/GitHub/mppt-project/mppt-test/HAL_Driver/Inc/stm32f4xx_hal.h:48,
                 from ../src/mppt_test.c:35:
c:\ac6\systemworkbench\plugins\fr.ac6.mcu.externaltools.arm-none.win32_1.15.0.201708311556\tools\compiler\arm-none-eabi\include\stdio.h:244:5: note: expected 'char * restrict' but argument is of type 'uint8_t * {aka unsigned char *}'
 int _EXFUN(sprintf, (char *__restrict, const char *__restrict, ...)
     ^
At top level:
../src/mppt_test.c:929:13: warning: 'pulse' defined but not used [-Wunused-function]
 static void pulse()
             ^~~~~
../src/mppt_test.c:776:17: warning: 'FloatVoltage' defined but not used [-Wunused-function]
 static uint16_t FloatVoltage(uint16_t tempAmbient)
                 ^~~~~~~~~~~~
../src/mppt_test.c:82:16: warning: 'isCharging' defined but not used [-Wunused-variable]
 static uint8_t isCharging = 0;
                ^~~~~~~~~~
../src/mppt_test.c:81:16: warning: 'canCharge' defined but not used [-Wunused-variable]
 static uint8_t canCharge = 0;
                ^~~~~~~~~
src/subdir.mk:36: recipe for target 'src/mppt_test.o' failed
make: *** [src/mppt_test.o] Error 1
13:21:01 **** Incremental Build of configuration Debug for project mppt-test ****
make all 
Building file: ../src/mppt_test.c
Invoking: MCU GCC Compiler
C:\Work\GitHub\mppt-project\mppt-test\Debug
arm-none-eabi-gcc -mcpu=cortex-m4 -mthumb -mfloat-abi=hard -mfpu=fpv4-sp-d16 -DSTM32 -DSTM32F4 -DSTM32F410RBTx -DNUCLEO_F410RB -DDEBUG -DSTM32F410Rx -DUSE_HAL_DRIVER -I"C:/Work/GitHub/mppt-project/mppt-test/HAL_Driver/Inc/Legacy" -I"C:/Work/GitHub/mppt-project/mppt-test/Utilities/STM32F4xx-Nucleo" -I"C:/Work/GitHub/mppt-project/mppt-test/inc" -I"C:/Work/GitHub/mppt-project/mppt-test/CMSIS/device" -I"C:/Work/GitHub/mppt-project/mppt-test/CMSIS/core" -I"C:/Work/GitHub/mppt-project/mppt-test/HAL_Driver/Inc" -O0 -g3 -Wall -fmessage-length=0 -ffunction-sections -c -MMD -MP -MF"src/mppt_test.d" -MT"src/mppt_test.o" -o "src/mppt_test.o" "../src/mppt_test.c"
../src/mppt_test.c: In function 'MX_TIM1_Init':
../src/mppt_test.c:305:23: warning: unused variable 'sConfigOC' [-Wunused-variable]
    TIM_OC_InitTypeDef sConfigOC;
                       ^~~~~~~~~
../src/mppt_test.c: In function 'getADCreadings':
../src/mppt_test.c:764:11: warning: pointer targets in passing argument 1 of 'sprintf' differ in signedness [-Wpointer-sign]
   sprintf(strBuffer, "MPPT ADC Value: %2.2f, %2.2f, %2.2f, %2.2f, %2.2f, %2.2f, %2.2f, %2.2f, %x, %x, %x\r\n", vBat, iBat, vSolar, iSolar, loadVoltage, loadCurrent, ambientTemp, mosfetTemp, flashData, flashData2, flashData3);
           ^~~~~~~~~
In file included from c:\ac6\systemworkbench\plugins\fr.ac6.mcu.externaltools.arm-none.win32_1.15.0.201708311556\tools\compiler\arm-none-eabi\include\stdio.h:29:0,
                 from C:/Work/GitHub/mppt-project/mppt-test/HAL_Driver/Inc/stm32f4xx_hal_def.h:50,
                 from C:/Work/GitHub/mppt-project/mppt-test/HAL_Driver/Inc/stm32f4xx_hal_rcc.h:47,
                 from C:/Work/GitHub/mppt-project/mppt-test/HAL_Driver/Inc/stm32f4xx_hal_conf.h:185,
                 from C:/Work/GitHub/mppt-project/mppt-test/HAL_Driver/Inc/stm32f4xx_hal.h:48,
                 from ../src/mppt_test.c:35:
c:\ac6\systemworkbench\plugins\fr.ac6.mcu.externaltools.arm-none.win32_1.15.0.201708311556\tools\compiler\arm-none-eabi\include\stdio.h:244:5: note: expected 'char * restrict' but argument is of type 'uint8_t * {aka unsigned char *}'
 int _EXFUN(sprintf, (char *__restrict, const char *__restrict, ...)
     ^
../src/mppt_test.c: In function 'main':
../src/mppt_test.c:996:10: warning: pointer targets in passing argument 1 of 'sprintf' differ in signedness [-Wpointer-sign]
  sprintf(strBuffer, "MPPT EMS Production Test\r\n\r\n");
          ^~~~~~~~~
In file included from c:\ac6\systemworkbench\plugins\fr.ac6.mcu.externaltools.arm-none.win32_1.15.0.201708311556\tools\compiler\arm-none-eabi\include\stdio.h:29:0,
                 from C:/Work/GitHub/mppt-project/mppt-test/HAL_Driver/Inc/stm32f4xx_hal_def.h:50,
                 from C:/Work/GitHub/mppt-project/mppt-test/HAL_Driver/Inc/stm32f4xx_hal_rcc.h:47,
                 from C:/Work/GitHub/mppt-project/mppt-test/HAL_Driver/Inc/stm32f4xx_hal_conf.h:185,
                 from C:/Work/GitHub/mppt-project/mppt-test/HAL_Driver/Inc/stm32f4xx_hal.h:48,
                 from ../src/mppt_test.c:35:
c:\ac6\systemworkbench\plugins\fr.ac6.mcu.externaltools.arm-none.win32_1.15.0.201708311556\tools\compiler\arm-none-eabi\include\stdio.h:244:5: note: expected 'char * restrict' but argument is of type 'uint8_t * {aka unsigned char *}'
 int _EXFUN(sprintf, (char *__restrict, const char *__restrict, ...)
     ^
At top level:
../src/mppt_test.c:929:13: warning: 'pulse' defined but not used [-Wunused-function]
 static void pulse()
             ^~~~~
../src/mppt_test.c:776:17: warning: 'FloatVoltage' defined but not used [-Wunused-function]
 static uint16_t FloatVoltage(uint16_t tempAmbient)
                 ^~~~~~~~~~~~
../src/mppt_test.c:82:16: warning: 'isCharging' defined but not used [-Wunused-variable]
 static uint8_t isCharging = 0;
                ^~~~~~~~~~
../src/mppt_test.c:81:16: warning: 'canCharge' defined but not used [-Wunused-variable]
 static uint8_t canCharge = 0;
                ^~~~~~~~~
Finished building: ../src/mppt_test.c
 
Building target: mppt-test.elf
Invoking: MCU GCC Linker
arm-none-eabi-gcc -mcpu=cortex-m4 -mthumb -mfloat-abi=hard -mfpu=fpv4-sp-d16 -u _printf_float -T"C:\Work\GitHub\mppt-project\mppt-test\LinkerScript.ld" -Wl,-Map=output.map -Wl,--gc-sections -o "mppt-test.elf" @"objects.list"   -lm
Finished building target: mppt-test.elf
 
make --no-print-directory post-build
Generating binary and Printing size information:
arm-none-eabi-objcopy -O binary "mppt-test.elf" "mppt-test.bin"
arm-none-eabi-size "mppt-test.elf"
   text	   data	    bss	    dec	    hex	filename
  43016	   2588	   1960	  47564	   b9cc	mppt-test.elf
 
15:16:14 **** Incremental Build of configuration Debug for project mppt-test ****
make all 
Building file: ../src/mppt_test.c
Invoking: MCU GCC Compiler
C:\Work\GitHub\mppt-project\mppt-test\Debug
arm-none-eabi-gcc -mcpu=cortex-m4 -mthumb -mfloat-abi=hard -mfpu=fpv4-sp-d16 -DSTM32 -DSTM32F4 -DSTM32F410RBTx -DNUCLEO_F410RB -DDEBUG -DSTM32F410Rx -DUSE_HAL_DRIVER -I"C:/Work/GitHub/mppt-project/mppt-test/HAL_Driver/Inc/Legacy" -I"C:/Work/GitHub/mppt-project/mppt-test/Utilities/STM32F4xx-Nucleo" -I"C:/Work/GitHub/mppt-project/mppt-test/inc" -I"C:/Work/GitHub/mppt-project/mppt-test/CMSIS/device" -I"C:/Work/GitHub/mppt-project/mppt-test/CMSIS/core" -I"C:/Work/GitHub/mppt-project/mppt-test/HAL_Driver/Inc" -O0 -g3 -Wall -fmessage-length=0 -ffunction-sections -c -MMD -MP -MF"src/mppt_test.d" -MT"src/mppt_test.o" -o "src/mppt_test.o" "../src/mppt_test.c"
../src/mppt_test.c: In function 'MX_TIM1_Init':
../src/mppt_test.c:305:23: warning: unused variable 'sConfigOC' [-Wunused-variable]
    TIM_OC_InitTypeDef sConfigOC;
                       ^~~~~~~~~
../src/mppt_test.c: In function 'getADCreadings':
../src/mppt_test.c:764:11: warning: pointer targets in passing argument 1 of 'sprintf' differ in signedness [-Wpointer-sign]
   sprintf(strBuffer, "MPPT ADC Value: %2.2f, %2.2f, %2.2f, %2.2f, %2.2f, %2.2f, %2.2f, %2.2f, %x, %x, %x\r\n", vBat, iBat, vSolar, iSolar, loadVoltage, loadCurrent, ambientTemp, mosfetTemp, flashData, flashData2, flashData3);
           ^~~~~~~~~
In file included from c:\ac6\systemworkbench\plugins\fr.ac6.mcu.externaltools.arm-none.win32_1.15.0.201708311556\tools\compiler\arm-none-eabi\include\stdio.h:29:0,
                 from C:/Work/GitHub/mppt-project/mppt-test/HAL_Driver/Inc/stm32f4xx_hal_def.h:50,
                 from C:/Work/GitHub/mppt-project/mppt-test/HAL_Driver/Inc/stm32f4xx_hal_rcc.h:47,
                 from C:/Work/GitHub/mppt-project/mppt-test/HAL_Driver/Inc/stm32f4xx_hal_conf.h:185,
                 from C:/Work/GitHub/mppt-project/mppt-test/HAL_Driver/Inc/stm32f4xx_hal.h:48,
                 from ../src/mppt_test.c:35:
c:\ac6\systemworkbench\plugins\fr.ac6.mcu.externaltools.arm-none.win32_1.15.0.201708311556\tools\compiler\arm-none-eabi\include\stdio.h:244:5: note: expected 'char * restrict' but argument is of type 'uint8_t * {aka unsigned char *}'
 int _EXFUN(sprintf, (char *__restrict, const char *__restrict, ...)
     ^
../src/mppt_test.c: In function 'main':
../src/mppt_test.c:993:10: warning: pointer targets in passing argument 1 of 'sprintf' differ in signedness [-Wpointer-sign]
  sprintf(strBuffer, "MPPT EMS Production Test\r\n\r\n");
          ^~~~~~~~~
In file included from c:\ac6\systemworkbench\plugins\fr.ac6.mcu.externaltools.arm-none.win32_1.15.0.201708311556\tools\compiler\arm-none-eabi\include\stdio.h:29:0,
                 from C:/Work/GitHub/mppt-project/mppt-test/HAL_Driver/Inc/stm32f4xx_hal_def.h:50,
                 from C:/Work/GitHub/mppt-project/mppt-test/HAL_Driver/Inc/stm32f4xx_hal_rcc.h:47,
                 from C:/Work/GitHub/mppt-project/mppt-test/HAL_Driver/Inc/stm32f4xx_hal_conf.h:185,
                 from C:/Work/GitHub/mppt-project/mppt-test/HAL_Driver/Inc/stm32f4xx_hal.h:48,
                 from ../src/mppt_test.c:35:
c:\ac6\systemworkbench\plugins\fr.ac6.mcu.externaltools.arm-none.win32_1.15.0.201708311556\tools\compiler\arm-none-eabi\include\stdio.h:244:5: note: expected 'char * restrict' but argument is of type 'uint8_t * {aka unsigned char *}'
 int _EXFUN(sprintf, (char *__restrict, const char *__restrict, ...)
     ^
At top level:
../src/mppt_test.c:929:13: warning: 'pulse' defined but not used [-Wunused-function]
 static void pulse()
             ^~~~~
../src/mppt_test.c:887:13: warning: 'updateLCD' defined but not used [-Wunused-function]
 static void updateLCD(uint8_t dataIndex, uint8_t warning)
             ^~~~~~~~~
../src/mppt_test.c:776:17: warning: 'FloatVoltage' defined but not used [-Wunused-function]
 static uint16_t FloatVoltage(uint16_t tempAmbient)
                 ^~~~~~~~~~~~
../src/mppt_test.c:697:13: warning: 'getADCreadings' defined but not used [-Wunused-function]
 static void getADCreadings (uint8_t howMany)
             ^~~~~~~~~~~~~~
../src/mppt_test.c:82:16: warning: 'isCharging' defined but not used [-Wunused-variable]
 static uint8_t isCharging = 0;
                ^~~~~~~~~~
../src/mppt_test.c:81:16: warning: 'canCharge' defined but not used [-Wunused-variable]
 static uint8_t canCharge = 0;
                ^~~~~~~~~
Finished building: ../src/mppt_test.c
 
Building target: mppt-test.elf
Invoking: MCU GCC Linker
arm-none-eabi-gcc -mcpu=cortex-m4 -mthumb -mfloat-abi=hard -mfpu=fpv4-sp-d16 -u _printf_float -T"C:\Work\GitHub\mppt-project\mppt-test\LinkerScript.ld" -Wl,-Map=output.map -Wl,--gc-sections -o "mppt-test.elf" @"objects.list"   -lm
Finished building target: mppt-test.elf
 
make --no-print-directory post-build
Generating binary and Printing size information:
arm-none-eabi-objcopy -O binary "mppt-test.elf" "mppt-test.bin"
arm-none-eabi-size "mppt-test.elf"
   text	   data	    bss	    dec	    hex	filename
  21512	   1184	   1896	  24592	   6010	mppt-test.elf
 
15:37:33 **** Incremental Build of configuration Debug for project mppt-test ****
make all 
Building file: ../src/mppt_test.c
Invoking: MCU GCC Compiler
C:\Work\GitHub\mppt-project\mppt-test\Debug
arm-none-eabi-gcc -mcpu=cortex-m4 -mthumb -mfloat-abi=hard -mfpu=fpv4-sp-d16 -DSTM32 -DSTM32F4 -DSTM32F410RBTx -DNUCLEO_F410RB -DDEBUG -DSTM32F410Rx -DUSE_HAL_DRIVER -I"C:/Work/GitHub/mppt-project/mppt-test/HAL_Driver/Inc/Legacy" -I"C:/Work/GitHub/mppt-project/mppt-test/Utilities/STM32F4xx-Nucleo" -I"C:/Work/GitHub/mppt-project/mppt-test/inc" -I"C:/Work/GitHub/mppt-project/mppt-test/CMSIS/device" -I"C:/Work/GitHub/mppt-project/mppt-test/CMSIS/core" -I"C:/Work/GitHub/mppt-project/mppt-test/HAL_Driver/Inc" -O0 -g3 -Wall -fmessage-length=0 -ffunction-sections -c -MMD -MP -MF"src/mppt_test.d" -MT"src/mppt_test.o" -o "src/mppt_test.o" "../src/mppt_test.c"
../src/mppt_test.c: In function 'MX_TIM1_Init':
../src/mppt_test.c:305:23: warning: unused variable 'sConfigOC' [-Wunused-variable]
    TIM_OC_InitTypeDef sConfigOC;
                       ^~~~~~~~~
../src/mppt_test.c: In function 'getADCreadings':
../src/mppt_test.c:764:11: warning: pointer targets in passing argument 1 of 'sprintf' differ in signedness [-Wpointer-sign]
   sprintf(strBuffer, "MPPT ADC Value: %2.2f, %2.2f, %2.2f, %2.2f, %2.2f, %2.2f, %2.2f, %2.2f, %x, %x, %x\r\n", vBat, iBat, vSolar, iSolar, loadVoltage, loadCurrent, ambientTemp, mosfetTemp, flashData, flashData2, flashData3);
           ^~~~~~~~~
In file included from c:\ac6\systemworkbench\plugins\fr.ac6.mcu.externaltools.arm-none.win32_1.15.0.201708311556\tools\compiler\arm-none-eabi\include\stdio.h:29:0,
                 from C:/Work/GitHub/mppt-project/mppt-test/HAL_Driver/Inc/stm32f4xx_hal_def.h:50,
                 from C:/Work/GitHub/mppt-project/mppt-test/HAL_Driver/Inc/stm32f4xx_hal_rcc.h:47,
                 from C:/Work/GitHub/mppt-project/mppt-test/HAL_Driver/Inc/stm32f4xx_hal_conf.h:185,
                 from C:/Work/GitHub/mppt-project/mppt-test/HAL_Driver/Inc/stm32f4xx_hal.h:48,
                 from ../src/mppt_test.c:35:
c:\ac6\systemworkbench\plugins\fr.ac6.mcu.externaltools.arm-none.win32_1.15.0.201708311556\tools\compiler\arm-none-eabi\include\stdio.h:244:5: note: expected 'char * restrict' but argument is of type 'uint8_t * {aka unsigned char *}'
 int _EXFUN(sprintf, (char *__restrict, const char *__restrict, ...)
     ^
../src/mppt_test.c: In function 'main':
../src/mppt_test.c:993:10: warning: pointer targets in passing argument 1 of 'sprintf' differ in signedness [-Wpointer-sign]
  sprintf(strBuffer, "MPPT EMS Production Test\r\n\r\n");
          ^~~~~~~~~
In file included from c:\ac6\systemworkbench\plugins\fr.ac6.mcu.externaltools.arm-none.win32_1.15.0.201708311556\tools\compiler\arm-none-eabi\include\stdio.h:29:0,
                 from C:/Work/GitHub/mppt-project/mppt-test/HAL_Driver/Inc/stm32f4xx_hal_def.h:50,
                 from C:/Work/GitHub/mppt-project/mppt-test/HAL_Driver/Inc/stm32f4xx_hal_rcc.h:47,
                 from C:/Work/GitHub/mppt-project/mppt-test/HAL_Driver/Inc/stm32f4xx_hal_conf.h:185,
                 from C:/Work/GitHub/mppt-project/mppt-test/HAL_Driver/Inc/stm32f4xx_hal.h:48,
                 from ../src/mppt_test.c:35:
c:\ac6\systemworkbench\plugins\fr.ac6.mcu.externaltools.arm-none.win32_1.15.0.201708311556\tools\compiler\arm-none-eabi\include\stdio.h:244:5: note: expected 'char * restrict' but argument is of type 'uint8_t * {aka unsigned char *}'
 int _EXFUN(sprintf, (char *__restrict, const char *__restrict, ...)
     ^
../src/mppt_test.c:1009:10: warning: pointer targets in passing argument 1 of 'sprintf' differ in signedness [-Wpointer-sign]
  sprintf(strBuffer, "Battery Voltage Offset\r\n");
          ^~~~~~~~~
In file included from c:\ac6\systemworkbench\plugins\fr.ac6.mcu.externaltools.arm-none.win32_1.15.0.201708311556\tools\compiler\arm-none-eabi\include\stdio.h:29:0,
                 from C:/Work/GitHub/mppt-project/mppt-test/HAL_Driver/Inc/stm32f4xx_hal_def.h:50,
                 from C:/Work/GitHub/mppt-project/mppt-test/HAL_Driver/Inc/stm32f4xx_hal_rcc.h:47,
                 from C:/Work/GitHub/mppt-project/mppt-test/HAL_Driver/Inc/stm32f4xx_hal_conf.h:185,
                 from C:/Work/GitHub/mppt-project/mppt-test/HAL_Driver/Inc/stm32f4xx_hal.h:48,
                 from ../src/mppt_test.c:35:
c:\ac6\systemworkbench\plugins\fr.ac6.mcu.externaltools.arm-none.win32_1.15.0.201708311556\tools\compiler\arm-none-eabi\include\stdio.h:244:5: note: expected 'char * restrict' but argument is of type 'uint8_t * {aka unsigned char *}'
 int _EXFUN(sprintf, (char *__restrict, const char *__restrict, ...)
     ^
../src/mppt_test.c:1012:10: warning: pointer targets in passing argument 1 of 'sprintf' differ in signedness [-Wpointer-sign]
  sprintf(strBuffer, "Connect J2-2 and J2-3 together\r\n");
          ^~~~~~~~~
In file included from c:\ac6\systemworkbench\plugins\fr.ac6.mcu.externaltools.arm-none.win32_1.15.0.201708311556\tools\compiler\arm-none-eabi\include\stdio.h:29:0,
                 from C:/Work/GitHub/mppt-project/mppt-test/HAL_Driver/Inc/stm32f4xx_hal_def.h:50,
                 from C:/Work/GitHub/mppt-project/mppt-test/HAL_Driver/Inc/stm32f4xx_hal_rcc.h:47,
                 from C:/Work/GitHub/mppt-project/mppt-test/HAL_Driver/Inc/stm32f4xx_hal_conf.h:185,
                 from C:/Work/GitHub/mppt-project/mppt-test/HAL_Driver/Inc/stm32f4xx_hal.h:48,
                 from ../src/mppt_test.c:35:
c:\ac6\systemworkbench\plugins\fr.ac6.mcu.externaltools.arm-none.win32_1.15.0.201708311556\tools\compiler\arm-none-eabi\include\stdio.h:244:5: note: expected 'char * restrict' but argument is of type 'uint8_t * {aka unsigned char *}'
 int _EXFUN(sprintf, (char *__restrict, const char *__restrict, ...)
     ^
../src/mppt_test.c:1015:10: warning: pointer targets in passing argument 1 of 'sprintf' differ in signedness [-Wpointer-sign]
  sprintf(strBuffer, "Press SPACEBAR to continuer\r\n");
          ^~~~~~~~~
In file included from c:\ac6\systemworkbench\plugins\fr.ac6.mcu.externaltools.arm-none.win32_1.15.0.201708311556\tools\compiler\arm-none-eabi\include\stdio.h:29:0,
                 from C:/Work/GitHub/mppt-project/mppt-test/HAL_Driver/Inc/stm32f4xx_hal_def.h:50,
                 from C:/Work/GitHub/mppt-project/mppt-test/HAL_Driver/Inc/stm32f4xx_hal_rcc.h:47,
                 from C:/Work/GitHub/mppt-project/mppt-test/HAL_Driver/Inc/stm32f4xx_hal_conf.h:185,
                 from C:/Work/GitHub/mppt-project/mppt-test/HAL_Driver/Inc/stm32f4xx_hal.h:48,
                 from ../src/mppt_test.c:35:
c:\ac6\systemworkbench\plugins\fr.ac6.mcu.externaltools.arm-none.win32_1.15.0.201708311556\tools\compiler\arm-none-eabi\include\stdio.h:244:5: note: expected 'char * restrict' but argument is of type 'uint8_t * {aka unsigned char *}'
 int _EXFUN(sprintf, (char *__restrict, const char *__restrict, ...)
     ^
../src/mppt_test.c:1024:11: warning: pointer targets in passing argument 1 of 'sprintf' differ in signedness [-Wpointer-sign]
   sprintf(strBuffer, "Battery offset exceeds 50 mV!tr\n");
           ^~~~~~~~~
In file included from c:\ac6\systemworkbench\plugins\fr.ac6.mcu.externaltools.arm-none.win32_1.15.0.201708311556\tools\compiler\arm-none-eabi\include\stdio.h:29:0,
                 from C:/Work/GitHub/mppt-project/mppt-test/HAL_Driver/Inc/stm32f4xx_hal_def.h:50,
                 from C:/Work/GitHub/mppt-project/mppt-test/HAL_Driver/Inc/stm32f4xx_hal_rcc.h:47,
                 from C:/Work/GitHub/mppt-project/mppt-test/HAL_Driver/Inc/stm32f4xx_hal_conf.h:185,
                 from C:/Work/GitHub/mppt-project/mppt-test/HAL_Driver/Inc/stm32f4xx_hal.h:48,
                 from ../src/mppt_test.c:35:
c:\ac6\systemworkbench\plugins\fr.ac6.mcu.externaltools.arm-none.win32_1.15.0.201708311556\tools\compiler\arm-none-eabi\include\stdio.h:244:5: note: expected 'char * restrict' but argument is of type 'uint8_t * {aka unsigned char *}'
 int _EXFUN(sprintf, (char *__restrict, const char *__restrict, ...)
     ^
../src/mppt_test.c:1031:11: warning: pointer targets in passing argument 1 of 'sprintf' differ in signedness [-Wpointer-sign]
   sprintf(strBuffer, "Battery offset OK!tr\n");
           ^~~~~~~~~
In file included from c:\ac6\systemworkbench\plugins\fr.ac6.mcu.externaltools.arm-none.win32_1.15.0.201708311556\tools\compiler\arm-none-eabi\include\stdio.h:29:0,
                 from C:/Work/GitHub/mppt-project/mppt-test/HAL_Driver/Inc/stm32f4xx_hal_def.h:50,
                 from C:/Work/GitHub/mppt-project/mppt-test/HAL_Driver/Inc/stm32f4xx_hal_rcc.h:47,
                 from C:/Work/GitHub/mppt-project/mppt-test/HAL_Driver/Inc/stm32f4xx_hal_conf.h:185,
                 from C:/Work/GitHub/mppt-project/mppt-test/HAL_Driver/Inc/stm32f4xx_hal.h:48,
                 from ../src/mppt_test.c:35:
c:\ac6\systemworkbench\plugins\fr.ac6.mcu.externaltools.arm-none.win32_1.15.0.201708311556\tools\compiler\arm-none-eabi\include\stdio.h:244:5: note: expected 'char * restrict' but argument is of type 'uint8_t * {aka unsigned char *}'
 int _EXFUN(sprintf, (char *__restrict, const char *__restrict, ...)
     ^
At top level:
../src/mppt_test.c:929:13: warning: 'pulse' defined but not used [-Wunused-function]
 static void pulse()
             ^~~~~
../src/mppt_test.c:887:13: warning: 'updateLCD' defined but not used [-Wunused-function]
 static void updateLCD(uint8_t dataIndex, uint8_t warning)
             ^~~~~~~~~
../src/mppt_test.c:776:17: warning: 'FloatVoltage' defined but not used [-Wunused-function]
 static uint16_t FloatVoltage(uint16_t tempAmbient)
                 ^~~~~~~~~~~~
../src/mppt_test.c:82:16: warning: 'isCharging' defined but not used [-Wunused-variable]
 static uint8_t isCharging = 0;
                ^~~~~~~~~~
../src/mppt_test.c:81:16: warning: 'canCharge' defined but not used [-Wunused-variable]
 static uint8_t canCharge = 0;
                ^~~~~~~~~
Finished building: ../src/mppt_test.c
 
Building target: mppt-test.elf
Invoking: MCU GCC Linker
arm-none-eabi-gcc -mcpu=cortex-m4 -mthumb -mfloat-abi=hard -mfpu=fpv4-sp-d16 -u _printf_float -T"C:\Work\GitHub\mppt-project\mppt-test\LinkerScript.ld" -Wl,-Map=output.map -Wl,--gc-sections -o "mppt-test.elf" @"objects.list"   -lm
Finished building target: mppt-test.elf
 
make --no-print-directory post-build
Generating binary and Printing size information:
arm-none-eabi-objcopy -O binary "mppt-test.elf" "mppt-test.bin"
arm-none-eabi-size "mppt-test.elf"
   text	   data	    bss	    dec	    hex	filename
  43000	   2588	   1960	  47548	   b9bc	mppt-test.elf
 
15:41:00 **** Incremental Build of configuration Debug for project mppt-test ****
make all 
make: Nothing to be done for 'all'.
15:44:00 **** Incremental Build of configuration Debug for project mppt-test ****
make all 
Building file: ../src/mppt_test.c
Invoking: MCU GCC Compiler
C:\Work\GitHub\mppt-project\mppt-test\Debug
arm-none-eabi-gcc -mcpu=cortex-m4 -mthumb -mfloat-abi=hard -mfpu=fpv4-sp-d16 -DSTM32 -DSTM32F4 -DSTM32F410RBTx -DNUCLEO_F410RB -DDEBUG -DSTM32F410Rx -DUSE_HAL_DRIVER -I"C:/Work/GitHub/mppt-project/mppt-test/HAL_Driver/Inc/Legacy" -I"C:/Work/GitHub/mppt-project/mppt-test/Utilities/STM32F4xx-Nucleo" -I"C:/Work/GitHub/mppt-project/mppt-test/inc" -I"C:/Work/GitHub/mppt-project/mppt-test/CMSIS/device" -I"C:/Work/GitHub/mppt-project/mppt-test/CMSIS/core" -I"C:/Work/GitHub/mppt-project/mppt-test/HAL_Driver/Inc" -O0 -g3 -Wall -fmessage-length=0 -ffunction-sections -c -MMD -MP -MF"src/mppt_test.d" -MT"src/mppt_test.o" -o "src/mppt_test.o" "../src/mppt_test.c"
../src/mppt_test.c: In function 'MX_TIM1_Init':
../src/mppt_test.c:305:23: warning: unused variable 'sConfigOC' [-Wunused-variable]
    TIM_OC_InitTypeDef sConfigOC;
                       ^~~~~~~~~
../src/mppt_test.c: In function 'main':
../src/mppt_test.c:993:10: warning: pointer targets in passing argument 1 of 'sprintf' differ in signedness [-Wpointer-sign]
  sprintf(strBuffer, "MPPT EMS Production Test\r\n\r\n");
          ^~~~~~~~~
In file included from c:\ac6\systemworkbench\plugins\fr.ac6.mcu.externaltools.arm-none.win32_1.15.0.201708311556\tools\compiler\arm-none-eabi\include\stdio.h:29:0,
                 from C:/Work/GitHub/mppt-project/mppt-test/HAL_Driver/Inc/stm32f4xx_hal_def.h:50,
                 from C:/Work/GitHub/mppt-project/mppt-test/HAL_Driver/Inc/stm32f4xx_hal_rcc.h:47,
                 from C:/Work/GitHub/mppt-project/mppt-test/HAL_Driver/Inc/stm32f4xx_hal_conf.h:185,
                 from C:/Work/GitHub/mppt-project/mppt-test/HAL_Driver/Inc/stm32f4xx_hal.h:48,
                 from ../src/mppt_test.c:35:
c:\ac6\systemworkbench\plugins\fr.ac6.mcu.externaltools.arm-none.win32_1.15.0.201708311556\tools\compiler\arm-none-eabi\include\stdio.h:244:5: note: expected 'char * restrict' but argument is of type 'uint8_t * {aka unsigned char *}'
 int _EXFUN(sprintf, (char *__restrict, const char *__restrict, ...)
     ^
../src/mppt_test.c:1009:10: warning: pointer targets in passing argument 1 of 'sprintf' differ in signedness [-Wpointer-sign]
  sprintf(strBuffer, "Battery Voltage Offset\r\n");
          ^~~~~~~~~
In file included from c:\ac6\systemworkbench\plugins\fr.ac6.mcu.externaltools.arm-none.win32_1.15.0.201708311556\tools\compiler\arm-none-eabi\include\stdio.h:29:0,
                 from C:/Work/GitHub/mppt-project/mppt-test/HAL_Driver/Inc/stm32f4xx_hal_def.h:50,
                 from C:/Work/GitHub/mppt-project/mppt-test/HAL_Driver/Inc/stm32f4xx_hal_rcc.h:47,
                 from C:/Work/GitHub/mppt-project/mppt-test/HAL_Driver/Inc/stm32f4xx_hal_conf.h:185,
                 from C:/Work/GitHub/mppt-project/mppt-test/HAL_Driver/Inc/stm32f4xx_hal.h:48,
                 from ../src/mppt_test.c:35:
c:\ac6\systemworkbench\plugins\fr.ac6.mcu.externaltools.arm-none.win32_1.15.0.201708311556\tools\compiler\arm-none-eabi\include\stdio.h:244:5: note: expected 'char * restrict' but argument is of type 'uint8_t * {aka unsigned char *}'
 int _EXFUN(sprintf, (char *__restrict, const char *__restrict, ...)
     ^
../src/mppt_test.c:1012:10: warning: pointer targets in passing argument 1 of 'sprintf' differ in signedness [-Wpointer-sign]
  sprintf(strBuffer, "Connect J2-2 and J2-3 together\r\n");
          ^~~~~~~~~
In file included from c:\ac6\systemworkbench\plugins\fr.ac6.mcu.externaltools.arm-none.win32_1.15.0.201708311556\tools\compiler\arm-none-eabi\include\stdio.h:29:0,
                 from C:/Work/GitHub/mppt-project/mppt-test/HAL_Driver/Inc/stm32f4xx_hal_def.h:50,
                 from C:/Work/GitHub/mppt-project/mppt-test/HAL_Driver/Inc/stm32f4xx_hal_rcc.h:47,
                 from C:/Work/GitHub/mppt-project/mppt-test/HAL_Driver/Inc/stm32f4xx_hal_conf.h:185,
                 from C:/Work/GitHub/mppt-project/mppt-test/HAL_Driver/Inc/stm32f4xx_hal.h:48,
                 from ../src/mppt_test.c:35:
c:\ac6\systemworkbench\plugins\fr.ac6.mcu.externaltools.arm-none.win32_1.15.0.201708311556\tools\compiler\arm-none-eabi\include\stdio.h:244:5: note: expected 'char * restrict' but argument is of type 'uint8_t * {aka unsigned char *}'
 int _EXFUN(sprintf, (char *__restrict, const char *__restrict, ...)
     ^
../src/mppt_test.c:1015:10: warning: pointer targets in passing argument 1 of 'sprintf' differ in signedness [-Wpointer-sign]
  sprintf(strBuffer, "Press SPACEBAR to continuer\r\n");
          ^~~~~~~~~
In file included from c:\ac6\systemworkbench\plugins\fr.ac6.mcu.externaltools.arm-none.win32_1.15.0.201708311556\tools\compiler\arm-none-eabi\include\stdio.h:29:0,
                 from C:/Work/GitHub/mppt-project/mppt-test/HAL_Driver/Inc/stm32f4xx_hal_def.h:50,
                 from C:/Work/GitHub/mppt-project/mppt-test/HAL_Driver/Inc/stm32f4xx_hal_rcc.h:47,
                 from C:/Work/GitHub/mppt-project/mppt-test/HAL_Driver/Inc/stm32f4xx_hal_conf.h:185,
                 from C:/Work/GitHub/mppt-project/mppt-test/HAL_Driver/Inc/stm32f4xx_hal.h:48,
                 from ../src/mppt_test.c:35:
c:\ac6\systemworkbench\plugins\fr.ac6.mcu.externaltools.arm-none.win32_1.15.0.201708311556\tools\compiler\arm-none-eabi\include\stdio.h:244:5: note: expected 'char * restrict' but argument is of type 'uint8_t * {aka unsigned char *}'
 int _EXFUN(sprintf, (char *__restrict, const char *__restrict, ...)
     ^
../src/mppt_test.c:1024:11: warning: pointer targets in passing argument 1 of 'sprintf' differ in signedness [-Wpointer-sign]
   sprintf(strBuffer, "Battery offset exceeds 50 mV!\r\n");
           ^~~~~~~~~
In file included from c:\ac6\systemworkbench\plugins\fr.ac6.mcu.externaltools.arm-none.win32_1.15.0.201708311556\tools\compiler\arm-none-eabi\include\stdio.h:29:0,
                 from C:/Work/GitHub/mppt-project/mppt-test/HAL_Driver/Inc/stm32f4xx_hal_def.h:50,
                 from C:/Work/GitHub/mppt-project/mppt-test/HAL_Driver/Inc/stm32f4xx_hal_rcc.h:47,
                 from C:/Work/GitHub/mppt-project/mppt-test/HAL_Driver/Inc/stm32f4xx_hal_conf.h:185,
                 from C:/Work/GitHub/mppt-project/mppt-test/HAL_Driver/Inc/stm32f4xx_hal.h:48,
                 from ../src/mppt_test.c:35:
c:\ac6\systemworkbench\plugins\fr.ac6.mcu.externaltools.arm-none.win32_1.15.0.201708311556\tools\compiler\arm-none-eabi\include\stdio.h:244:5: note: expected 'char * restrict' but argument is of type 'uint8_t * {aka unsigned char *}'
 int _EXFUN(sprintf, (char *__restrict, const char *__restrict, ...)
     ^
../src/mppt_test.c:1031:11: warning: pointer targets in passing argument 1 of 'sprintf' differ in signedness [-Wpointer-sign]
   sprintf(strBuffer, "Battery offset OK!\r\n");
           ^~~~~~~~~
In file included from c:\ac6\systemworkbench\plugins\fr.ac6.mcu.externaltools.arm-none.win32_1.15.0.201708311556\tools\compiler\arm-none-eabi\include\stdio.h:29:0,
                 from C:/Work/GitHub/mppt-project/mppt-test/HAL_Driver/Inc/stm32f4xx_hal_def.h:50,
                 from C:/Work/GitHub/mppt-project/mppt-test/HAL_Driver/Inc/stm32f4xx_hal_rcc.h:47,
                 from C:/Work/GitHub/mppt-project/mppt-test/HAL_Driver/Inc/stm32f4xx_hal_conf.h:185,
                 from C:/Work/GitHub/mppt-project/mppt-test/HAL_Driver/Inc/stm32f4xx_hal.h:48,
                 from ../src/mppt_test.c:35:
c:\ac6\systemworkbench\plugins\fr.ac6.mcu.externaltools.arm-none.win32_1.15.0.201708311556\tools\compiler\arm-none-eabi\include\stdio.h:244:5: note: expected 'char * restrict' but argument is of type 'uint8_t * {aka unsigned char *}'
 int _EXFUN(sprintf, (char *__restrict, const char *__restrict, ...)
     ^
../src/mppt_test.c:1036:10: warning: pointer targets in passing argument 1 of 'sprintf' differ in signedness [-Wpointer-sign]
  sprintf(strBuffer, "Measured Battery Offset: %x\r\n", vBattery);
          ^~~~~~~~~
In file included from c:\ac6\systemworkbench\plugins\fr.ac6.mcu.externaltools.arm-none.win32_1.15.0.201708311556\tools\compiler\arm-none-eabi\include\stdio.h:29:0,
                 from C:/Work/GitHub/mppt-project/mppt-test/HAL_Driver/Inc/stm32f4xx_hal_def.h:50,
                 from C:/Work/GitHub/mppt-project/mppt-test/HAL_Driver/Inc/stm32f4xx_hal_rcc.h:47,
                 from C:/Work/GitHub/mppt-project/mppt-test/HAL_Driver/Inc/stm32f4xx_hal_conf.h:185,
                 from C:/Work/GitHub/mppt-project/mppt-test/HAL_Driver/Inc/stm32f4xx_hal.h:48,
                 from ../src/mppt_test.c:35:
c:\ac6\systemworkbench\plugins\fr.ac6.mcu.externaltools.arm-none.win32_1.15.0.201708311556\tools\compiler\arm-none-eabi\include\stdio.h:244:5: note: expected 'char * restrict' but argument is of type 'uint8_t * {aka unsigned char *}'
 int _EXFUN(sprintf, (char *__restrict, const char *__restrict, ...)
     ^
../src/mppt_test.c:1036:48: warning: format '%x' expects argument of type 'unsigned int', but argument 3 has type 'uint32_t {aka long unsigned int}' [-Wformat=]
  sprintf(strBuffer, "Measured Battery Offset: %x\r\n", vBattery);
                                                ^
At top level:
../src/mppt_test.c:929:13: warning: 'pulse' defined but not used [-Wunused-function]
 static void pulse()
             ^~~~~
../src/mppt_test.c:887:13: warning: 'updateLCD' defined but not used [-Wunused-function]
 static void updateLCD(uint8_t dataIndex, uint8_t warning)
             ^~~~~~~~~
../src/mppt_test.c:776:17: warning: 'FloatVoltage' defined but not used [-Wunused-function]
 static uint16_t FloatVoltage(uint16_t tempAmbient)
                 ^~~~~~~~~~~~
../src/mppt_test.c:82:16: warning: 'isCharging' defined but not used [-Wunused-variable]
 static uint8_t isCharging = 0;
                ^~~~~~~~~~
../src/mppt_test.c:81:16: warning: 'canCharge' defined but not used [-Wunused-variable]
 static uint8_t canCharge = 0;
                ^~~~~~~~~
Finished building: ../src/mppt_test.c
 
Building target: mppt-test.elf
Invoking: MCU GCC Linker
arm-none-eabi-gcc -mcpu=cortex-m4 -mthumb -mfloat-abi=hard -mfpu=fpv4-sp-d16 -u _printf_float -T"C:\Work\GitHub\mppt-project\mppt-test\LinkerScript.ld" -Wl,-Map=output.map -Wl,--gc-sections -o "mppt-test.elf" @"objects.list"   -lm
Finished building target: mppt-test.elf
 
make --no-print-directory post-build
Generating binary and Printing size information:
arm-none-eabi-objcopy -O binary "mppt-test.elf" "mppt-test.bin"
arm-none-eabi-size "mppt-test.elf"
   text	   data	    bss	    dec	    hex	filename
  42816	   2588	   1960	  47364	   b904	mppt-test.elf
 
15:45:56 **** Incremental Build of configuration Debug for project mppt-test ****
make all 
Building file: ../src/mppt_test.c
Invoking: MCU GCC Compiler
C:\Work\GitHub\mppt-project\mppt-test\Debug
arm-none-eabi-gcc -mcpu=cortex-m4 -mthumb -mfloat-abi=hard -mfpu=fpv4-sp-d16 -DSTM32 -DSTM32F4 -DSTM32F410RBTx -DNUCLEO_F410RB -DDEBUG -DSTM32F410Rx -DUSE_HAL_DRIVER -I"C:/Work/GitHub/mppt-project/mppt-test/HAL_Driver/Inc/Legacy" -I"C:/Work/GitHub/mppt-project/mppt-test/Utilities/STM32F4xx-Nucleo" -I"C:/Work/GitHub/mppt-project/mppt-test/inc" -I"C:/Work/GitHub/mppt-project/mppt-test/CMSIS/device" -I"C:/Work/GitHub/mppt-project/mppt-test/CMSIS/core" -I"C:/Work/GitHub/mppt-project/mppt-test/HAL_Driver/Inc" -O0 -g3 -Wall -fmessage-length=0 -ffunction-sections -c -MMD -MP -MF"src/mppt_test.d" -MT"src/mppt_test.o" -o "src/mppt_test.o" "../src/mppt_test.c"
../src/mppt_test.c: In function 'MX_TIM1_Init':
../src/mppt_test.c:305:23: warning: unused variable 'sConfigOC' [-Wunused-variable]
    TIM_OC_InitTypeDef sConfigOC;
                       ^~~~~~~~~
../src/mppt_test.c: In function 'main':
../src/mppt_test.c:993:10: warning: pointer targets in passing argument 1 of 'sprintf' differ in signedness [-Wpointer-sign]
  sprintf(strBuffer, "MPPT EMS Production Test\r\n\r\n");
          ^~~~~~~~~
In file included from c:\ac6\systemworkbench\plugins\fr.ac6.mcu.externaltools.arm-none.win32_1.15.0.201708311556\tools\compiler\arm-none-eabi\include\stdio.h:29:0,
                 from C:/Work/GitHub/mppt-project/mppt-test/HAL_Driver/Inc/stm32f4xx_hal_def.h:50,
                 from C:/Work/GitHub/mppt-project/mppt-test/HAL_Driver/Inc/stm32f4xx_hal_rcc.h:47,
                 from C:/Work/GitHub/mppt-project/mppt-test/HAL_Driver/Inc/stm32f4xx_hal_conf.h:185,
                 from C:/Work/GitHub/mppt-project/mppt-test/HAL_Driver/Inc/stm32f4xx_hal.h:48,
                 from ../src/mppt_test.c:35:
c:\ac6\systemworkbench\plugins\fr.ac6.mcu.externaltools.arm-none.win32_1.15.0.201708311556\tools\compiler\arm-none-eabi\include\stdio.h:244:5: note: expected 'char * restrict' but argument is of type 'uint8_t * {aka unsigned char *}'
 int _EXFUN(sprintf, (char *__restrict, const char *__restrict, ...)
     ^
../src/mppt_test.c:1009:10: warning: pointer targets in passing argument 1 of 'sprintf' differ in signedness [-Wpointer-sign]
  sprintf(strBuffer, "Battery Voltage Offset\r\n");
          ^~~~~~~~~
In file included from c:\ac6\systemworkbench\plugins\fr.ac6.mcu.externaltools.arm-none.win32_1.15.0.201708311556\tools\compiler\arm-none-eabi\include\stdio.h:29:0,
                 from C:/Work/GitHub/mppt-project/mppt-test/HAL_Driver/Inc/stm32f4xx_hal_def.h:50,
                 from C:/Work/GitHub/mppt-project/mppt-test/HAL_Driver/Inc/stm32f4xx_hal_rcc.h:47,
                 from C:/Work/GitHub/mppt-project/mppt-test/HAL_Driver/Inc/stm32f4xx_hal_conf.h:185,
                 from C:/Work/GitHub/mppt-project/mppt-test/HAL_Driver/Inc/stm32f4xx_hal.h:48,
                 from ../src/mppt_test.c:35:
c:\ac6\systemworkbench\plugins\fr.ac6.mcu.externaltools.arm-none.win32_1.15.0.201708311556\tools\compiler\arm-none-eabi\include\stdio.h:244:5: note: expected 'char * restrict' but argument is of type 'uint8_t * {aka unsigned char *}'
 int _EXFUN(sprintf, (char *__restrict, const char *__restrict, ...)
     ^
../src/mppt_test.c:1012:10: warning: pointer targets in passing argument 1 of 'sprintf' differ in signedness [-Wpointer-sign]
  sprintf(strBuffer, "Connect J2-2 and J2-3 together\r\n");
          ^~~~~~~~~
In file included from c:\ac6\systemworkbench\plugins\fr.ac6.mcu.externaltools.arm-none.win32_1.15.0.201708311556\tools\compiler\arm-none-eabi\include\stdio.h:29:0,
                 from C:/Work/GitHub/mppt-project/mppt-test/HAL_Driver/Inc/stm32f4xx_hal_def.h:50,
                 from C:/Work/GitHub/mppt-project/mppt-test/HAL_Driver/Inc/stm32f4xx_hal_rcc.h:47,
                 from C:/Work/GitHub/mppt-project/mppt-test/HAL_Driver/Inc/stm32f4xx_hal_conf.h:185,
                 from C:/Work/GitHub/mppt-project/mppt-test/HAL_Driver/Inc/stm32f4xx_hal.h:48,
                 from ../src/mppt_test.c:35:
c:\ac6\systemworkbench\plugins\fr.ac6.mcu.externaltools.arm-none.win32_1.15.0.201708311556\tools\compiler\arm-none-eabi\include\stdio.h:244:5: note: expected 'char * restrict' but argument is of type 'uint8_t * {aka unsigned char *}'
 int _EXFUN(sprintf, (char *__restrict, const char *__restrict, ...)
     ^
../src/mppt_test.c:1015:10: warning: pointer targets in passing argument 1 of 'sprintf' differ in signedness [-Wpointer-sign]
  sprintf(strBuffer, "Press SPACEBAR to continue\r\n");
          ^~~~~~~~~
In file included from c:\ac6\systemworkbench\plugins\fr.ac6.mcu.externaltools.arm-none.win32_1.15.0.201708311556\tools\compiler\arm-none-eabi\include\stdio.h:29:0,
                 from C:/Work/GitHub/mppt-project/mppt-test/HAL_Driver/Inc/stm32f4xx_hal_def.h:50,
                 from C:/Work/GitHub/mppt-project/mppt-test/HAL_Driver/Inc/stm32f4xx_hal_rcc.h:47,
                 from C:/Work/GitHub/mppt-project/mppt-test/HAL_Driver/Inc/stm32f4xx_hal_conf.h:185,
                 from C:/Work/GitHub/mppt-project/mppt-test/HAL_Driver/Inc/stm32f4xx_hal.h:48,
                 from ../src/mppt_test.c:35:
c:\ac6\systemworkbench\plugins\fr.ac6.mcu.externaltools.arm-none.win32_1.15.0.201708311556\tools\compiler\arm-none-eabi\include\stdio.h:244:5: note: expected 'char * restrict' but argument is of type 'uint8_t * {aka unsigned char *}'
 int _EXFUN(sprintf, (char *__restrict, const char *__restrict, ...)
     ^
../src/mppt_test.c:1024:11: warning: pointer targets in passing argument 1 of 'sprintf' differ in signedness [-Wpointer-sign]
   sprintf(strBuffer, "Battery offset exceeds 50 mV!\r\n");
           ^~~~~~~~~
In file included from c:\ac6\systemworkbench\plugins\fr.ac6.mcu.externaltools.arm-none.win32_1.15.0.201708311556\tools\compiler\arm-none-eabi\include\stdio.h:29:0,
                 from C:/Work/GitHub/mppt-project/mppt-test/HAL_Driver/Inc/stm32f4xx_hal_def.h:50,
                 from C:/Work/GitHub/mppt-project/mppt-test/HAL_Driver/Inc/stm32f4xx_hal_rcc.h:47,
                 from C:/Work/GitHub/mppt-project/mppt-test/HAL_Driver/Inc/stm32f4xx_hal_conf.h:185,
                 from C:/Work/GitHub/mppt-project/mppt-test/HAL_Driver/Inc/stm32f4xx_hal.h:48,
                 from ../src/mppt_test.c:35:
c:\ac6\systemworkbench\plugins\fr.ac6.mcu.externaltools.arm-none.win32_1.15.0.201708311556\tools\compiler\arm-none-eabi\include\stdio.h:244:5: note: expected 'char * restrict' but argument is of type 'uint8_t * {aka unsigned char *}'
 int _EXFUN(sprintf, (char *__restrict, const char *__restrict, ...)
     ^
../src/mppt_test.c:1031:11: warning: pointer targets in passing argument 1 of 'sprintf' differ in signedness [-Wpointer-sign]
   sprintf(strBuffer, "Battery offset OK!\r\n");
           ^~~~~~~~~
In file included from c:\ac6\systemworkbench\plugins\fr.ac6.mcu.externaltools.arm-none.win32_1.15.0.201708311556\tools\compiler\arm-none-eabi\include\stdio.h:29:0,
                 from C:/Work/GitHub/mppt-project/mppt-test/HAL_Driver/Inc/stm32f4xx_hal_def.h:50,
                 from C:/Work/GitHub/mppt-project/mppt-test/HAL_Driver/Inc/stm32f4xx_hal_rcc.h:47,
                 from C:/Work/GitHub/mppt-project/mppt-test/HAL_Driver/Inc/stm32f4xx_hal_conf.h:185,
                 from C:/Work/GitHub/mppt-project/mppt-test/HAL_Driver/Inc/stm32f4xx_hal.h:48,
                 from ../src/mppt_test.c:35:
c:\ac6\systemworkbench\plugins\fr.ac6.mcu.externaltools.arm-none.win32_1.15.0.201708311556\tools\compiler\arm-none-eabi\include\stdio.h:244:5: note: expected 'char * restrict' but argument is of type 'uint8_t * {aka unsigned char *}'
 int _EXFUN(sprintf, (char *__restrict, const char *__restrict, ...)
     ^
../src/mppt_test.c:1036:21: warning: passing argument 2 of 'memset' makes integer from pointer without a cast [-Wint-conversion]
  memset (strBuffer, "", sizeof(strBuffer));
                     ^~
In file included from c:\ac6\systemworkbench\plugins\fr.ac6.mcu.externaltools.arm-none.win32_1.15.0.201708311556\tools\compiler\arm-none-eabi\include\stdio.h:29:0,
                 from C:/Work/GitHub/mppt-project/mppt-test/HAL_Driver/Inc/stm32f4xx_hal_def.h:50,
                 from C:/Work/GitHub/mppt-project/mppt-test/HAL_Driver/Inc/stm32f4xx_hal_rcc.h:47,
                 from C:/Work/GitHub/mppt-project/mppt-test/HAL_Driver/Inc/stm32f4xx_hal_conf.h:185,
                 from C:/Work/GitHub/mppt-project/mppt-test/HAL_Driver/Inc/stm32f4xx_hal.h:48,
                 from ../src/mppt_test.c:35:
c:\ac6\systemworkbench\plugins\fr.ac6.mcu.externaltools.arm-none.win32_1.15.0.201708311556\tools\compiler\arm-none-eabi\include\string.h:29:7: note: expected 'int' but argument is of type 'char *'
 _PTR  _EXFUN(memset,(_PTR, int, size_t));
       ^
../src/mppt_test.c:1037:10: warning: pointer targets in passing argument 1 of 'sprintf' differ in signedness [-Wpointer-sign]
  sprintf(strBuffer, "Measured Battery Offset: %x\r\n", vBattery);
          ^~~~~~~~~
In file included from c:\ac6\systemworkbench\plugins\fr.ac6.mcu.externaltools.arm-none.win32_1.15.0.201708311556\tools\compiler\arm-none-eabi\include\stdio.h:29:0,
                 from C:/Work/GitHub/mppt-project/mppt-test/HAL_Driver/Inc/stm32f4xx_hal_def.h:50,
                 from C:/Work/GitHub/mppt-project/mppt-test/HAL_Driver/Inc/stm32f4xx_hal_rcc.h:47,
                 from C:/Work/GitHub/mppt-project/mppt-test/HAL_Driver/Inc/stm32f4xx_hal_conf.h:185,
                 from C:/Work/GitHub/mppt-project/mppt-test/HAL_Driver/Inc/stm32f4xx_hal.h:48,
                 from ../src/mppt_test.c:35:
c:\ac6\systemworkbench\plugins\fr.ac6.mcu.externaltools.arm-none.win32_1.15.0.201708311556\tools\compiler\arm-none-eabi\include\stdio.h:244:5: note: expected 'char * restrict' but argument is of type 'uint8_t * {aka unsigned char *}'
 int _EXFUN(sprintf, (char *__restrict, const char *__restrict, ...)
     ^
../src/mppt_test.c:1037:48: warning: format '%x' expects argument of type 'unsigned int', but argument 3 has type 'uint32_t {aka long unsigned int}' [-Wformat=]
  sprintf(strBuffer, "Measured Battery Offset: %x\r\n", vBattery);
                                                ^
At top level:
../src/mppt_test.c:929:13: warning: 'pulse' defined but not used [-Wunused-function]
 static void pulse()
             ^~~~~
../src/mppt_test.c:887:13: warning: 'updateLCD' defined but not used [-Wunused-function]
 static void updateLCD(uint8_t dataIndex, uint8_t warning)
             ^~~~~~~~~
../src/mppt_test.c:776:17: warning: 'FloatVoltage' defined but not used [-Wunused-function]
 static uint16_t FloatVoltage(uint16_t tempAmbient)
                 ^~~~~~~~~~~~
../src/mppt_test.c:82:16: warning: 'isCharging' defined but not used [-Wunused-variable]
 static uint8_t isCharging = 0;
                ^~~~~~~~~~
../src/mppt_test.c:81:16: warning: 'canCharge' defined but not used [-Wunused-variable]
 static uint8_t canCharge = 0;
                ^~~~~~~~~
Finished building: ../src/mppt_test.c
 
Building target: mppt-test.elf
Invoking: MCU GCC Linker
arm-none-eabi-gcc -mcpu=cortex-m4 -mthumb -mfloat-abi=hard -mfpu=fpv4-sp-d16 -u _printf_float -T"C:\Work\GitHub\mppt-project\mppt-test\LinkerScript.ld" -Wl,-Map=output.map -Wl,--gc-sections -o "mppt-test.elf" @"objects.list"   -lm
Finished building target: mppt-test.elf
 
make --no-print-directory post-build
Generating binary and Printing size information:
arm-none-eabi-objcopy -O binary "mppt-test.elf" "mppt-test.bin"
arm-none-eabi-size "mppt-test.elf"
   text	   data	    bss	    dec	    hex	filename
  42840	   2588	   1960	  47388	   b91c	mppt-test.elf
 
15:46:59 **** Incremental Build of configuration Debug for project mppt-test ****
make all 
Building file: ../src/mppt_test.c
Invoking: MCU GCC Compiler
C:\Work\GitHub\mppt-project\mppt-test\Debug
arm-none-eabi-gcc -mcpu=cortex-m4 -mthumb -mfloat-abi=hard -mfpu=fpv4-sp-d16 -DSTM32 -DSTM32F4 -DSTM32F410RBTx -DNUCLEO_F410RB -DDEBUG -DSTM32F410Rx -DUSE_HAL_DRIVER -I"C:/Work/GitHub/mppt-project/mppt-test/HAL_Driver/Inc/Legacy" -I"C:/Work/GitHub/mppt-project/mppt-test/Utilities/STM32F4xx-Nucleo" -I"C:/Work/GitHub/mppt-project/mppt-test/inc" -I"C:/Work/GitHub/mppt-project/mppt-test/CMSIS/device" -I"C:/Work/GitHub/mppt-project/mppt-test/CMSIS/core" -I"C:/Work/GitHub/mppt-project/mppt-test/HAL_Driver/Inc" -O0 -g3 -Wall -fmessage-length=0 -ffunction-sections -c -MMD -MP -MF"src/mppt_test.d" -MT"src/mppt_test.o" -o "src/mppt_test.o" "../src/mppt_test.c"
../src/mppt_test.c: In function 'MX_TIM1_Init':
../src/mppt_test.c:305:23: warning: unused variable 'sConfigOC' [-Wunused-variable]
    TIM_OC_InitTypeDef sConfigOC;
                       ^~~~~~~~~
../src/mppt_test.c: In function 'main':
../src/mppt_test.c:993:10: warning: pointer targets in passing argument 1 of 'sprintf' differ in signedness [-Wpointer-sign]
  sprintf(strBuffer, "MPPT EMS Production Test\r\n\r\n");
          ^~~~~~~~~
In file included from c:\ac6\systemworkbench\plugins\fr.ac6.mcu.externaltools.arm-none.win32_1.15.0.201708311556\tools\compiler\arm-none-eabi\include\stdio.h:29:0,
                 from C:/Work/GitHub/mppt-project/mppt-test/HAL_Driver/Inc/stm32f4xx_hal_def.h:50,
                 from C:/Work/GitHub/mppt-project/mppt-test/HAL_Driver/Inc/stm32f4xx_hal_rcc.h:47,
                 from C:/Work/GitHub/mppt-project/mppt-test/HAL_Driver/Inc/stm32f4xx_hal_conf.h:185,
                 from C:/Work/GitHub/mppt-project/mppt-test/HAL_Driver/Inc/stm32f4xx_hal.h:48,
                 from ../src/mppt_test.c:35:
c:\ac6\systemworkbench\plugins\fr.ac6.mcu.externaltools.arm-none.win32_1.15.0.201708311556\tools\compiler\arm-none-eabi\include\stdio.h:244:5: note: expected 'char * restrict' but argument is of type 'uint8_t * {aka unsigned char *}'
 int _EXFUN(sprintf, (char *__restrict, const char *__restrict, ...)
     ^
../src/mppt_test.c:1009:10: warning: pointer targets in passing argument 1 of 'sprintf' differ in signedness [-Wpointer-sign]
  sprintf(strBuffer, "Battery Voltage Offset\r\n");
          ^~~~~~~~~
In file included from c:\ac6\systemworkbench\plugins\fr.ac6.mcu.externaltools.arm-none.win32_1.15.0.201708311556\tools\compiler\arm-none-eabi\include\stdio.h:29:0,
                 from C:/Work/GitHub/mppt-project/mppt-test/HAL_Driver/Inc/stm32f4xx_hal_def.h:50,
                 from C:/Work/GitHub/mppt-project/mppt-test/HAL_Driver/Inc/stm32f4xx_hal_rcc.h:47,
                 from C:/Work/GitHub/mppt-project/mppt-test/HAL_Driver/Inc/stm32f4xx_hal_conf.h:185,
                 from C:/Work/GitHub/mppt-project/mppt-test/HAL_Driver/Inc/stm32f4xx_hal.h:48,
                 from ../src/mppt_test.c:35:
c:\ac6\systemworkbench\plugins\fr.ac6.mcu.externaltools.arm-none.win32_1.15.0.201708311556\tools\compiler\arm-none-eabi\include\stdio.h:244:5: note: expected 'char * restrict' but argument is of type 'uint8_t * {aka unsigned char *}'
 int _EXFUN(sprintf, (char *__restrict, const char *__restrict, ...)
     ^
../src/mppt_test.c:1012:10: warning: pointer targets in passing argument 1 of 'sprintf' differ in signedness [-Wpointer-sign]
  sprintf(strBuffer, "Connect J2-2 and J2-3 together\r\n");
          ^~~~~~~~~
In file included from c:\ac6\systemworkbench\plugins\fr.ac6.mcu.externaltools.arm-none.win32_1.15.0.201708311556\tools\compiler\arm-none-eabi\include\stdio.h:29:0,
                 from C:/Work/GitHub/mppt-project/mppt-test/HAL_Driver/Inc/stm32f4xx_hal_def.h:50,
                 from C:/Work/GitHub/mppt-project/mppt-test/HAL_Driver/Inc/stm32f4xx_hal_rcc.h:47,
                 from C:/Work/GitHub/mppt-project/mppt-test/HAL_Driver/Inc/stm32f4xx_hal_conf.h:185,
                 from C:/Work/GitHub/mppt-project/mppt-test/HAL_Driver/Inc/stm32f4xx_hal.h:48,
                 from ../src/mppt_test.c:35:
c:\ac6\systemworkbench\plugins\fr.ac6.mcu.externaltools.arm-none.win32_1.15.0.201708311556\tools\compiler\arm-none-eabi\include\stdio.h:244:5: note: expected 'char * restrict' but argument is of type 'uint8_t * {aka unsigned char *}'
 int _EXFUN(sprintf, (char *__restrict, const char *__restrict, ...)
     ^
../src/mppt_test.c:1015:10: warning: pointer targets in passing argument 1 of 'sprintf' differ in signedness [-Wpointer-sign]
  sprintf(strBuffer, "Press SPACEBAR to continue\r\n");
          ^~~~~~~~~
In file included from c:\ac6\systemworkbench\plugins\fr.ac6.mcu.externaltools.arm-none.win32_1.15.0.201708311556\tools\compiler\arm-none-eabi\include\stdio.h:29:0,
                 from C:/Work/GitHub/mppt-project/mppt-test/HAL_Driver/Inc/stm32f4xx_hal_def.h:50,
                 from C:/Work/GitHub/mppt-project/mppt-test/HAL_Driver/Inc/stm32f4xx_hal_rcc.h:47,
                 from C:/Work/GitHub/mppt-project/mppt-test/HAL_Driver/Inc/stm32f4xx_hal_conf.h:185,
                 from C:/Work/GitHub/mppt-project/mppt-test/HAL_Driver/Inc/stm32f4xx_hal.h:48,
                 from ../src/mppt_test.c:35:
c:\ac6\systemworkbench\plugins\fr.ac6.mcu.externaltools.arm-none.win32_1.15.0.201708311556\tools\compiler\arm-none-eabi\include\stdio.h:244:5: note: expected 'char * restrict' but argument is of type 'uint8_t * {aka unsigned char *}'
 int _EXFUN(sprintf, (char *__restrict, const char *__restrict, ...)
     ^
../src/mppt_test.c:1024:11: warning: pointer targets in passing argument 1 of 'sprintf' differ in signedness [-Wpointer-sign]
   sprintf(strBuffer, "Battery offset exceeds 50 mV!\r\n");
           ^~~~~~~~~
In file included from c:\ac6\systemworkbench\plugins\fr.ac6.mcu.externaltools.arm-none.win32_1.15.0.201708311556\tools\compiler\arm-none-eabi\include\stdio.h:29:0,
                 from C:/Work/GitHub/mppt-project/mppt-test/HAL_Driver/Inc/stm32f4xx_hal_def.h:50,
                 from C:/Work/GitHub/mppt-project/mppt-test/HAL_Driver/Inc/stm32f4xx_hal_rcc.h:47,
                 from C:/Work/GitHub/mppt-project/mppt-test/HAL_Driver/Inc/stm32f4xx_hal_conf.h:185,
                 from C:/Work/GitHub/mppt-project/mppt-test/HAL_Driver/Inc/stm32f4xx_hal.h:48,
                 from ../src/mppt_test.c:35:
c:\ac6\systemworkbench\plugins\fr.ac6.mcu.externaltools.arm-none.win32_1.15.0.201708311556\tools\compiler\arm-none-eabi\include\stdio.h:244:5: note: expected 'char * restrict' but argument is of type 'uint8_t * {aka unsigned char *}'
 int _EXFUN(sprintf, (char *__restrict, const char *__restrict, ...)
     ^
../src/mppt_test.c:1031:11: warning: pointer targets in passing argument 1 of 'sprintf' differ in signedness [-Wpointer-sign]
   sprintf(strBuffer, "Battery offset OK!\r\n");
           ^~~~~~~~~
In file included from c:\ac6\systemworkbench\plugins\fr.ac6.mcu.externaltools.arm-none.win32_1.15.0.201708311556\tools\compiler\arm-none-eabi\include\stdio.h:29:0,
                 from C:/Work/GitHub/mppt-project/mppt-test/HAL_Driver/Inc/stm32f4xx_hal_def.h:50,
                 from C:/Work/GitHub/mppt-project/mppt-test/HAL_Driver/Inc/stm32f4xx_hal_rcc.h:47,
                 from C:/Work/GitHub/mppt-project/mppt-test/HAL_Driver/Inc/stm32f4xx_hal_conf.h:185,
                 from C:/Work/GitHub/mppt-project/mppt-test/HAL_Driver/Inc/stm32f4xx_hal.h:48,
                 from ../src/mppt_test.c:35:
c:\ac6\systemworkbench\plugins\fr.ac6.mcu.externaltools.arm-none.win32_1.15.0.201708311556\tools\compiler\arm-none-eabi\include\stdio.h:244:5: note: expected 'char * restrict' but argument is of type 'uint8_t * {aka unsigned char *}'
 int _EXFUN(sprintf, (char *__restrict, const char *__restrict, ...)
     ^
../src/mppt_test.c:1037:10: warning: pointer targets in passing argument 1 of 'sprintf' differ in signedness [-Wpointer-sign]
  sprintf(strBuffer, "Measured Battery Offset: %x\r\n", vBattery);
          ^~~~~~~~~
In file included from c:\ac6\systemworkbench\plugins\fr.ac6.mcu.externaltools.arm-none.win32_1.15.0.201708311556\tools\compiler\arm-none-eabi\include\stdio.h:29:0,
                 from C:/Work/GitHub/mppt-project/mppt-test/HAL_Driver/Inc/stm32f4xx_hal_def.h:50,
                 from C:/Work/GitHub/mppt-project/mppt-test/HAL_Driver/Inc/stm32f4xx_hal_rcc.h:47,
                 from C:/Work/GitHub/mppt-project/mppt-test/HAL_Driver/Inc/stm32f4xx_hal_conf.h:185,
                 from C:/Work/GitHub/mppt-project/mppt-test/HAL_Driver/Inc/stm32f4xx_hal.h:48,
                 from ../src/mppt_test.c:35:
c:\ac6\systemworkbench\plugins\fr.ac6.mcu.externaltools.arm-none.win32_1.15.0.201708311556\tools\compiler\arm-none-eabi\include\stdio.h:244:5: note: expected 'char * restrict' but argument is of type 'uint8_t * {aka unsigned char *}'
 int _EXFUN(sprintf, (char *__restrict, const char *__restrict, ...)
     ^
../src/mppt_test.c:1037:48: warning: format '%x' expects argument of type 'unsigned int', but argument 3 has type 'uint32_t {aka long unsigned int}' [-Wformat=]
  sprintf(strBuffer, "Measured Battery Offset: %x\r\n", vBattery);
                                                ^
At top level:
../src/mppt_test.c:929:13: warning: 'pulse' defined but not used [-Wunused-function]
 static void pulse()
             ^~~~~
../src/mppt_test.c:887:13: warning: 'updateLCD' defined but not used [-Wunused-function]
 static void updateLCD(uint8_t dataIndex, uint8_t warning)
             ^~~~~~~~~
../src/mppt_test.c:776:17: warning: 'FloatVoltage' defined but not used [-Wunused-function]
 static uint16_t FloatVoltage(uint16_t tempAmbient)
                 ^~~~~~~~~~~~
../src/mppt_test.c:82:16: warning: 'isCharging' defined but not used [-Wunused-variable]
 static uint8_t isCharging = 0;
                ^~~~~~~~~~
../src/mppt_test.c:81:16: warning: 'canCharge' defined but not used [-Wunused-variable]
 static uint8_t canCharge = 0;
                ^~~~~~~~~
Finished building: ../src/mppt_test.c
 
Building target: mppt-test.elf
Invoking: MCU GCC Linker
arm-none-eabi-gcc -mcpu=cortex-m4 -mthumb -mfloat-abi=hard -mfpu=fpv4-sp-d16 -u _printf_float -T"C:\Work\GitHub\mppt-project\mppt-test\LinkerScript.ld" -Wl,-Map=output.map -Wl,--gc-sections -o "mppt-test.elf" @"objects.list"   -lm
Finished building target: mppt-test.elf
 
make --no-print-directory post-build
Generating binary and Printing size information:
arm-none-eabi-objcopy -O binary "mppt-test.elf" "mppt-test.bin"
arm-none-eabi-size "mppt-test.elf"
   text	   data	    bss	    dec	    hex	filename
  42824	   2588	   1960	  47372	   b90c	mppt-test.elf
 
16:04:16 **** Clean-only build of configuration Debug for project mppt-ems ****
make clean 
rm -rf *
 
16:04:16 **** Clean-only build of configuration Debug for project mppt-nucleo2 ****
make clean 
rm -rf *
 
16:04:17 **** Clean-only build of configuration Debug for project mppt-test ****
make clean 
rm -rf *
 
16:04:18 **** Build of configuration Debug for project mppt-nucleo2 ****
make all 
Building file: ../startup/startup_stm32f410rx.s
Invoking: MCU GCC Assembler
C:\Work\GitHub\mppt-project\mppt-nucleo2\Debug
arm-none-eabi-as -mcpu=cortex-m4 -mthumb -mfloat-abi=hard -mfpu=fpv4-sp-d16 -I"C:/Work/GitHub/mppt-project/mppt-nucleo2/Middlewares/ST/STM32_USB_Host_Library/Class/Template/Inc" -I"C:/Work/GitHub/mppt-project/mppt-nucleo2/inc" -I"C:/Work/GitHub/mppt-project/mppt-nucleo2/CMSIS/device" -I"C:/Work/GitHub/mppt-project/mppt-nucleo2/Middlewares/ST/STM32_USB_Host_Library/Class/MTP/Inc" -I"C:/Work/GitHub/mppt-project/mppt-nucleo2/HAL_Driver/Inc/Legacy" -I"C:/Work/GitHub/mppt-project/mppt-nucleo2/Utilities/STM32F4xx-Nucleo" -I"C:/Work/GitHub/mppt-project/mppt-nucleo2/Middlewares/ST/STM32_USB_Host_Library/Class/MSC/Inc" -I"C:/Work/GitHub/mppt-project/mppt-nucleo2/Middlewares/ST/STM32_USB_Host_Library/Class/CDC/Inc" -I"C:/Work/GitHub/mppt-project/mppt-nucleo2/Middlewares/ST/STM32_USB_Host_Library/Core/Inc" -I"C:/Work/GitHub/mppt-project/mppt-nucleo2/Middlewares/ST/STM32_USB_Host_Library/Class/AUDIO/Inc" -I"C:/Work/GitHub/mppt-project/mppt-nucleo2/CMSIS/core" -I"C:/Work/GitHub/mppt-project/mppt-nucleo2/HAL_Driver/Inc" -I"C:/Work/GitHub/mppt-project/mppt-nucleo2/Middlewares/ST/STM32_USB_Host_Library/Class/HID/Inc" -g -o "startup/startup_stm32f410rx.o" "../startup/startup_stm32f410rx.s"
Finished building: ../startup/startup_stm32f410rx.s
 
Building file: ../src/HD44780.c
Invoking: MCU GCC Compiler
C:\Work\GitHub\mppt-project\mppt-nucleo2\Debug
arm-none-eabi-gcc -mcpu=cortex-m4 -mthumb -mfloat-abi=hard -mfpu=fpv4-sp-d16 -DSTM32 -DSTM32F4 -DSTM32F410RBTx -DNUCLEO_F410RB -DDEBUG -DSTM32F410Rx -DUSE_HAL_DRIVER -I"C:/Work/GitHub/mppt-project/mppt-nucleo2/Middlewares/ST/STM32_USB_Host_Library/Class/Template/Inc" -I"C:/Work/GitHub/mppt-project/mppt-nucleo2/inc" -I"C:/Work/GitHub/mppt-project/mppt-nucleo2/CMSIS/device" -I"C:/Work/GitHub/mppt-project/mppt-nucleo2/Middlewares/ST/STM32_USB_Host_Library/Class/MTP/Inc" -I"C:/Work/GitHub/mppt-project/mppt-nucleo2/HAL_Driver/Inc/Legacy" -I"C:/Work/GitHub/mppt-project/mppt-nucleo2/Utilities/STM32F4xx-Nucleo" -I"C:/Work/GitHub/mppt-project/mppt-nucleo2/Middlewares/ST/STM32_USB_Host_Library/Class/MSC/Inc" -I"C:/Work/GitHub/mppt-project/mppt-nucleo2/Middlewares/ST/STM32_USB_Host_Library/Class/CDC/Inc" -I"C:/Work/GitHub/mppt-project/mppt-nucleo2/Middlewares/ST/STM32_USB_Host_Library/Core/Inc" -I"C:/Work/GitHub/mppt-project/mppt-nucleo2/Middlewares/ST/STM32_USB_Host_Library/Class/AUDIO/Inc" -I"C:/Work/GitHub/mppt-project/mppt-nucleo2/CMSIS/core" -I"C:/Work/GitHub/mppt-project/mppt-nucleo2/HAL_Driver/Inc" -I"C:/Work/GitHub/mppt-project/mppt-nucleo2/Middlewares/ST/STM32_USB_Host_Library/Class/HID/Inc" -O0 -g3 -Wall -fmessage-length=0 -ffunction-sections -c -MMD -MP -MF"src/HD44780.d" -MT"src/HD44780.o" -o "src/HD44780.o" "../src/HD44780.c"
In file included from ../src/HD44780.c:16:0:
C:/Work/GitHub/mppt-project/mppt-nucleo2/inc/mppt.h:39:13: warning: 'getADCreadings' declared 'static' but never defined [-Wunused-function]
 static void getADCreadings(uint8_t);
             ^~~~~~~~~~~~~~
Finished building: ../src/HD44780.c
 
Building file: ../src/crc16.c
Invoking: MCU GCC Compiler
C:\Work\GitHub\mppt-project\mppt-nucleo2\Debug
arm-none-eabi-gcc -mcpu=cortex-m4 -mthumb -mfloat-abi=hard -mfpu=fpv4-sp-d16 -DSTM32 -DSTM32F4 -DSTM32F410RBTx -DNUCLEO_F410RB -DDEBUG -DSTM32F410Rx -DUSE_HAL_DRIVER -I"C:/Work/GitHub/mppt-project/mppt-nucleo2/Middlewares/ST/STM32_USB_Host_Library/Class/Template/Inc" -I"C:/Work/GitHub/mppt-project/mppt-nucleo2/inc" -I"C:/Work/GitHub/mppt-project/mppt-nucleo2/CMSIS/device" -I"C:/Work/GitHub/mppt-project/mppt-nucleo2/Middlewares/ST/STM32_USB_Host_Library/Class/MTP/Inc" -I"C:/Work/GitHub/mppt-project/mppt-nucleo2/HAL_Driver/Inc/Legacy" -I"C:/Work/GitHub/mppt-project/mppt-nucleo2/Utilities/STM32F4xx-Nucleo" -I"C:/Work/GitHub/mppt-project/mppt-nucleo2/Middlewares/ST/STM32_USB_Host_Library/Class/MSC/Inc" -I"C:/Work/GitHub/mppt-project/mppt-nucleo2/Middlewares/ST/STM32_USB_Host_Library/Class/CDC/Inc" -I"C:/Work/GitHub/mppt-project/mppt-nucleo2/Middlewares/ST/STM32_USB_Host_Library/Core/Inc" -I"C:/Work/GitHub/mppt-project/mppt-nucleo2/Middlewares/ST/STM32_USB_Host_Library/Class/AUDIO/Inc" -I"C:/Work/GitHub/mppt-project/mppt-nucleo2/CMSIS/core" -I"C:/Work/GitHub/mppt-project/mppt-nucleo2/HAL_Driver/Inc" -I"C:/Work/GitHub/mppt-project/mppt-nucleo2/Middlewares/ST/STM32_USB_Host_Library/Class/HID/Inc" -O0 -g3 -Wall -fmessage-length=0 -ffunction-sections -c -MMD -MP -MF"src/crc16.d" -MT"src/crc16.o" -o "src/crc16.o" "../src/crc16.c"
Finished building: ../src/crc16.c
 
Building file: ../src/mppt.c
Invoking: MCU GCC Compiler
C:\Work\GitHub\mppt-project\mppt-nucleo2\Debug
arm-none-eabi-gcc -mcpu=cortex-m4 -mthumb -mfloat-abi=hard -mfpu=fpv4-sp-d16 -DSTM32 -DSTM32F4 -DSTM32F410RBTx -DNUCLEO_F410RB -DDEBUG -DSTM32F410Rx -DUSE_HAL_DRIVER -I"C:/Work/GitHub/mppt-project/mppt-nucleo2/Middlewares/ST/STM32_USB_Host_Library/Class/Template/Inc" -I"C:/Work/GitHub/mppt-project/mppt-nucleo2/inc" -I"C:/Work/GitHub/mppt-project/mppt-nucleo2/CMSIS/device" -I"C:/Work/GitHub/mppt-project/mppt-nucleo2/Middlewares/ST/STM32_USB_Host_Library/Class/MTP/Inc" -I"C:/Work/GitHub/mppt-project/mppt-nucleo2/HAL_Driver/Inc/Legacy" -I"C:/Work/GitHub/mppt-project/mppt-nucleo2/Utilities/STM32F4xx-Nucleo" -I"C:/Work/GitHub/mppt-project/mppt-nucleo2/Middlewares/ST/STM32_USB_Host_Library/Class/MSC/Inc" -I"C:/Work/GitHub/mppt-project/mppt-nucleo2/Middlewares/ST/STM32_USB_Host_Library/Class/CDC/Inc" -I"C:/Work/GitHub/mppt-project/mppt-nucleo2/Middlewares/ST/STM32_USB_Host_Library/Core/Inc" -I"C:/Work/GitHub/mppt-project/mppt-nucleo2/Middlewares/ST/STM32_USB_Host_Library/Class/AUDIO/Inc" -I"C:/Work/GitHub/mppt-project/mppt-nucleo2/CMSIS/core" -I"C:/Work/GitHub/mppt-project/mppt-nucleo2/HAL_Driver/Inc" -I"C:/Work/GitHub/mppt-project/mppt-nucleo2/Middlewares/ST/STM32_USB_Host_Library/Class/HID/Inc" -O0 -g3 -Wall -fmessage-length=0 -ffunction-sections -c -MMD -MP -MF"src/mppt.d" -MT"src/mppt.o" -o "src/mppt.o" "../src/mppt.c"
Command canceled
16:04:30 **** Clean-only build of configuration Debug for project mppt-ems ****
make clean 
make: *** No rule to make target 'clean'.  Stop.
16:04:30 **** Clean-only build of configuration Debug for project mppt-nucleo2 ****
make clean 
rm -rf *
 
16:04:31 **** Clean-only build of configuration Debug for project mppt-test ****
make clean 
make: *** No rule to make target 'clean'.  Stop.
